[19-03-2017 09:41:34] PayPal\Core\PayPalHttpConnection : INFO: POST https://api.sandbox.paypal.com/v1/oauth2/token
[19-03-2017 09:41:35] PayPal\Core\PayPalHttpConnection : INFO: Invalid or no certificate authority found - Retrying using bundled CA certs file
[19-03-2017 09:41:35] PayPal\Core\PayPalHttpConnection : INFO: Response Status 	: 200
[19-03-2017 09:41:35] PayPal\Core\PayPalHttpConnection : INFO: POST https://api.sandbox.paypal.com/v1/vault/credit-cards
[19-03-2017 09:41:36] PayPal\Core\PayPalHttpConnection : INFO: Invalid or no certificate authority found - Retrying using bundled CA certs file
[19-03-2017 09:41:37] PayPal\Core\PayPalHttpConnection : INFO: Response Status 	: 201
[19-03-2017 09:42:06] PayPal\Core\PayPalHttpConnection : INFO: POST https://api.sandbox.paypal.com/v1/oauth2/token
[19-03-2017 09:42:07] PayPal\Core\PayPalHttpConnection : INFO: Invalid or no certificate authority found - Retrying using bundled CA certs file
[19-03-2017 09:42:08] PayPal\Core\PayPalHttpConnection : INFO: Response Status 	: 200
[19-03-2017 09:42:08] PayPal\Core\PayPalHttpConnection : INFO: POST https://api.sandbox.paypal.com/v1/vault/credit-cards
[19-03-2017 09:42:08] PayPal\Core\PayPalHttpConnection : INFO: Invalid or no certificate authority found - Retrying using bundled CA certs file
[19-03-2017 09:42:10] PayPal\Core\PayPalHttpConnection : INFO: Response Status 	: 201
[19-03-2017 09:42:23] PayPal\Core\PayPalHttpConnection : INFO: POST https://api.sandbox.paypal.com/v1/oauth2/token
[19-03-2017 09:42:24] PayPal\Core\PayPalHttpConnection : INFO: Invalid or no certificate authority found - Retrying using bundled CA certs file
[19-03-2017 09:42:26] PayPal\Core\PayPalHttpConnection : INFO: Response Status 	: 200
[19-03-2017 09:42:26] PayPal\Core\PayPalHttpConnection : INFO: POST https://api.sandbox.paypal.com/v1/vault/credit-cards
[19-03-2017 09:42:27] PayPal\Core\PayPalHttpConnection : INFO: Invalid or no certificate authority found - Retrying using bundled CA certs file
[19-03-2017 09:42:28] PayPal\Core\PayPalHttpConnection : INFO: Response Status 	: 201
[19-03-2017 09:45:45] PayPal\Core\PayPalHttpConnection : INFO: POST https://api.sandbox.paypal.com/v1/oauth2/token
[19-03-2017 09:45:46] PayPal\Core\PayPalHttpConnection : INFO: Invalid or no certificate authority found - Retrying using bundled CA certs file
[19-03-2017 09:45:47] PayPal\Core\PayPalHttpConnection : INFO: Response Status 	: 200
[19-03-2017 09:45:47] PayPal\Core\PayPalHttpConnection : INFO: POST https://api.sandbox.paypal.com/v1/vault/credit-cards
[19-03-2017 09:45:47] PayPal\Core\PayPalHttpConnection : INFO: Invalid or no certificate authority found - Retrying using bundled CA certs file
[19-03-2017 09:45:48] PayPal\Core\PayPalHttpConnection : INFO: Response Status 	: 201
[19-03-2017 09:56:39] PayPal\Core\PayPalHttpConnection : INFO: POST https://api.sandbox.paypal.com/v1/oauth2/token
[19-03-2017 09:56:39] PayPal\Core\PayPalHttpConnection : INFO: Invalid or no certificate authority found - Retrying using bundled CA certs file
[19-03-2017 09:56:40] PayPal\Core\PayPalHttpConnection : INFO: Response Status 	: 200
[19-03-2017 09:56:40] PayPal\Core\PayPalHttpConnection : INFO: POST https://api.sandbox.paypal.com/v1/vault/credit-cards
[19-03-2017 09:56:41] PayPal\Core\PayPalHttpConnection : INFO: Invalid or no certificate authority found - Retrying using bundled CA certs file
[19-03-2017 09:56:42] PayPal\Core\PayPalHttpConnection : INFO: Response Status 	: 201
[19-03-2017 10:06:17] PayPal\Core\PayPalHttpConnection : INFO: POST https://api.paypal.com/v1/oauth2/token
[19-03-2017 10:06:18] PayPal\Core\PayPalHttpConnection : INFO: Invalid or no certificate authority found - Retrying using bundled CA certs file
[19-03-2017 10:06:19] PayPal\Core\PayPalHttpConnection : INFO: Response Status 	: 401
[19-03-2017 10:06:19] PayPal\Core\PayPalHttpConnection : ERROR: Got Http response code 401 when accessing https://api.paypal.com/v1/oauth2/token. {"error":"invalid_client","error_description":"Client Authentication failed"}
[19-03-2017 10:06:34] PayPal\Core\PayPalHttpConnection : INFO: POST https://api.paypal.com/v1/oauth2/token
[19-03-2017 10:06:35] PayPal\Core\PayPalHttpConnection : INFO: Invalid or no certificate authority found - Retrying using bundled CA certs file
[19-03-2017 10:06:35] PayPal\Core\PayPalHttpConnection : INFO: Response Status 	: 401
[19-03-2017 10:06:35] PayPal\Core\PayPalHttpConnection : ERROR: Got Http response code 401 when accessing https://api.paypal.com/v1/oauth2/token. {"error":"invalid_client","error_description":"Client Authentication failed"}
[19-03-2017 10:11:18] PayPal\Core\PayPalHttpConnection : INFO: POST https://api.sandbox.paypal.com/v1/oauth2/token
[19-03-2017 10:11:19] PayPal\Core\PayPalHttpConnection : INFO: Invalid or no certificate authority found - Retrying using bundled CA certs file
[19-03-2017 10:11:20] PayPal\Core\PayPalHttpConnection : DEBUG: Request Headers 	: POST /v1/oauth2/token HTTP/1.1, Host: api.sandbox.paypal.com, User-Agent: PayPalSDK/PayPal-PHP-SDK 1.11.0 (platform-ver=5.6.25; bit=32; os=Windows_NT_6.1; machine=AMD64; crypto-lib-ver=1.0.1t; curl=7.50.1), Authorization: Basic QWMyZldTQk9ZVlNyMnJpMHNfT2lhMEZnV2NZMTlqcG9pLWJjUUVKT0ZHdWE0MTFTQjFkTXJmXzRxNnBLdUtrakxDdEtGNVk5Nk15eUlsbkQ6RU42RFBYNi1QWU5XQ2lndFZzMHRCMHVUZWlnOWxiSWdDdndPT0JEZjhpNTBvRHE3eGk3eURNWndhZVdMSUtHRFFzT0NUck90YXJIRWMzQm8=, Accept: */*, Content-Length: 29, Content-Type: application/x-www-form-urlencoded, , 
[19-03-2017 10:11:20] PayPal\Core\PayPalHttpConnection : DEBUG: Request Data		: grant_type=client_credentials
--------------------------------------------------------------------------------------------------------------------------------

[19-03-2017 10:11:20] PayPal\Core\PayPalHttpConnection : INFO: Response Status 	: 200
[19-03-2017 10:11:20] PayPal\Core\PayPalHttpConnection : DEBUG: Response Headers	: HTTP/1.1 200 OK, Date: Sun, 19 Mar 2017 22:11:21 GMT, Server: Apache, paypal-debug-id: 4b7f8fbf38045, X-PAYPAL-TOKEN-SERVICE: IAAS, Paypal-Debug-Id: 4b7f8fbf38045, Set-Cookie: X-PP-SILOVER=name%3DSANDBOX3.API.1%26silo_version%3D1880%26app%3Dplatformapiserv%26TIME%3D151179096%26HTTP_X_PP_AZ_LOCATOR%3D; Expires=Sun, 19 Mar 2017 22:41:21 GMT; domain=.paypal.com; path=/; Secure; HttpOnly, Set-Cookie: X-PP-SILOVER=; Expires=Thu, 01 Jan 1970 00:00:01 GMT, Vary: Authorization, Content-Length: 550, Connection: close, Content-Type: application/json, , 
[19-03-2017 10:11:20] PayPal\Core\PayPalHttpConnection : DEBUG: Response Data 	: {"scope":"https://uri.paypal.com/services/subscriptions https://api.paypal.com/v1/payments/.* https://api.paypal.com/v1/vault/credit-card https://uri.paypal.com/services/applications/webhooks openid https://uri.paypal.com/payments/payouts https://api.paypal.com/v1/vault/credit-card/.*","nonce":"2017-03-19T22:05:05Z1ZlmULgWpvtqiUnneoT9uoVth0CWeNTyUg7rMQIsPt0","access_token":"A101.C1f2SHTei4COENTotSoxHIKd-SrnJXcWUiWdJaRqZUt32xkt4Tt_Lkk6h7uMwVYq.lKm-Gxy3ObeQ40tg_It78inStpG","token_type":"Bearer","app_id":"APP-80W284485P519543T","expires_in":32024}

================================================================================================================================

[19-03-2017 10:11:20] PayPal\Core\PayPalHttpConnection : INFO: POST https://api.sandbox.paypal.com/v1/payments/payment
[19-03-2017 10:11:21] PayPal\Core\PayPalHttpConnection : INFO: Invalid or no certificate authority found - Retrying using bundled CA certs file
[19-03-2017 10:11:21] PayPal\Core\PayPalHttpConnection : DEBUG: Request Headers 	: POST /v1/payments/payment HTTP/1.1, Host: api.sandbox.paypal.com, Accept: */*, Content-Type: application/json, User-Agent: PayPalSDK/PayPal-PHP-SDK 1.11.0 (platform-ver=5.6.25; bit=32; os=Windows_NT_6.1; machine=AMD64; crypto-lib-ver=1.0.1t; curl=7.50.1), Authorization: Bearer A101.C1f2SHTei4COENTotSoxHIKd-SrnJXcWUiWdJaRqZUt32xkt4Tt_Lkk6h7uMwVYq.lKm-Gxy3ObeQ40tg_It78inStpG, Content-Length: 598, , 
[19-03-2017 10:11:21] PayPal\Core\PayPalHttpConnection : DEBUG: Request Data		: {"intent":"sale","payer":{"payment_method":"credit_card","funding_instruments":[{"payment_card":{"type":"visa","number":"4669424246660779","expire_month":"11","expire_year":"2019","cvv2":"012","first_name":"Joe","billing_country":"US","last_name":"Shopper"}}]},"transactions":[{"amount":{"currency":"USD","total":"1","details":{"shipping":"0.10","tax":"0.10","subtotal":"0.10"}},"item_list":{"items":[{"name":"Granola bars","description":"Granola Bars with Peanuts","currency":"USD","quantity":1,"tax":"0.10","price":"0.10"}]},"description":"Payment description","invoice_number":"58cf0206d442a"}]}
--------------------------------------------------------------------------------------------------------------------------------

[19-03-2017 10:11:21] PayPal\Core\PayPalHttpConnection : INFO: Response Status 	: 400
[19-03-2017 10:11:21] PayPal\Core\PayPalHttpConnection : DEBUG: Response Headers	: HTTP/1.1 400 Bad Request, Date: Sun, 19 Mar 2017 22:11:22 GMT, Server: Apache, paypal-debug-id: d156eb519ad2e, Content-Language: *, Connection: close, Paypal-Debug-Id: d156eb519ad2e, Set-Cookie: X-PP-SILOVER=name%3DSANDBOX3.API.1%26silo_version%3D1880%26app%3Dplatformapiserv%26TIME%3D167956312%26HTTP_X_PP_AZ_LOCATOR%3D; Expires=Sun, 19 Mar 2017 22:41:22 GMT; domain=.paypal.com; path=/; Secure; HttpOnly, Set-Cookie: X-PP-SILOVER=; Expires=Thu, 01 Jan 1970 00:00:01 GMT, Vary: Authorization, Content-Length: 340, Content-Type: application/json, , 
[19-03-2017 10:11:21] PayPal\Core\PayPalHttpConnection : ERROR: Got Http response code 400 when accessing https://api.sandbox.paypal.com/v1/payments/payment. {"name":"VALIDATION_ERROR","details":[{"field":"transactions[0].amount","issue":"Transaction amount details (subtotal, tax, shipping) must add up to specified amount total."}],"message":"Invalid request. See details.","information_link":"https://developer.paypal.com/webapps/developer/docs/api/#VALIDATION_ERROR","debug_id":"d156eb519ad2e"}
[19-03-2017 10:11:21] PayPal\Core\PayPalHttpConnection : DEBUG: 

================================================================================================================================

[19-03-2017 10:11:53] PayPal\Core\PayPalHttpConnection : INFO: POST https://api.sandbox.paypal.com/v1/oauth2/token
[19-03-2017 10:11:53] PayPal\Core\PayPalHttpConnection : INFO: Invalid or no certificate authority found - Retrying using bundled CA certs file
[19-03-2017 10:11:54] PayPal\Core\PayPalHttpConnection : INFO: Response Status 	: 200
[19-03-2017 10:11:54] PayPal\Core\PayPalHttpConnection : INFO: POST https://api.sandbox.paypal.com/v1/payments/payment
[19-03-2017 10:11:55] PayPal\Core\PayPalHttpConnection : INFO: Invalid or no certificate authority found - Retrying using bundled CA certs file
[19-03-2017 10:11:56] PayPal\Core\PayPalHttpConnection : INFO: Response Status 	: 400
[19-03-2017 10:11:56] PayPal\Core\PayPalHttpConnection : ERROR: Got Http response code 400 when accessing https://api.sandbox.paypal.com/v1/payments/payment. {"name":"VALIDATION_ERROR","details":[{"field":"transactions[0].amount","issue":"Transaction amount details (subtotal, tax, shipping) must add up to specified amount total."}],"message":"Invalid request. See details.","information_link":"https://developer.paypal.com/webapps/developer/docs/api/#VALIDATION_ERROR","debug_id":"b152542ed6eae"}
[19-03-2017 10:13:59] PayPal\Core\PayPalHttpConnection : INFO: POST https://api.sandbox.paypal.com/v1/oauth2/token
[19-03-2017 10:13:59] PayPal\Core\PayPalHttpConnection : INFO: Invalid or no certificate authority found - Retrying using bundled CA certs file
[19-03-2017 10:14:00] PayPal\Core\PayPalHttpConnection : INFO: Response Status 	: 200
[19-03-2017 10:14:00] PayPal\Core\PayPalHttpConnection : INFO: POST https://api.sandbox.paypal.com/v1/payments/payment
[19-03-2017 10:14:00] PayPal\Core\PayPalHttpConnection : INFO: Invalid or no certificate authority found - Retrying using bundled CA certs file
[19-03-2017 10:14:08] PayPal\Core\PayPalHttpConnection : INFO: Response Status 	: 201
[19-03-2017 10:14:28] PayPal\Core\PayPalHttpConnection : INFO: POST https://api.paypal.com/v1/oauth2/token
[19-03-2017 10:14:28] PayPal\Core\PayPalHttpConnection : INFO: Invalid or no certificate authority found - Retrying using bundled CA certs file
[19-03-2017 10:14:29] PayPal\Core\PayPalHttpConnection : INFO: Response Status 	: 401
[19-03-2017 10:14:29] PayPal\Core\PayPalHttpConnection : ERROR: Got Http response code 401 when accessing https://api.paypal.com/v1/oauth2/token. {"error":"invalid_client","error_description":"Client Authentication failed"}
[19-03-2017 10:21:36] PayPal\Core\PayPalHttpConnection : INFO: POST https://api.paypal.com/v1/oauth2/token
[19-03-2017 10:21:36] PayPal\Core\PayPalHttpConnection : INFO: Invalid or no certificate authority found - Retrying using bundled CA certs file
[19-03-2017 10:21:37] PayPal\Core\PayPalHttpConnection : INFO: Response Status 	: 401
[19-03-2017 10:21:37] PayPal\Core\PayPalHttpConnection : ERROR: Got Http response code 401 when accessing https://api.paypal.com/v1/oauth2/token. {"error":"invalid_client","error_description":"Client Authentication failed"}
[19-03-2017 10:21:45] PayPal\Core\PayPalHttpConnection : INFO: POST https://api.paypal.com/v1/oauth2/token
[19-03-2017 10:21:45] PayPal\Core\PayPalHttpConnection : INFO: Invalid or no certificate authority found - Retrying using bundled CA certs file
[19-03-2017 10:21:47] PayPal\Core\PayPalHttpConnection : INFO: Response Status 	: 401
[19-03-2017 10:21:47] PayPal\Core\PayPalHttpConnection : ERROR: Got Http response code 401 when accessing https://api.paypal.com/v1/oauth2/token. {"error":"invalid_client","error_description":"Client Authentication failed"}
[19-03-2017 10:22:07] PayPal\Core\PayPalHttpConnection : INFO: POST https://api.paypal.com/v1/oauth2/token
[19-03-2017 10:22:08] PayPal\Core\PayPalHttpConnection : INFO: Invalid or no certificate authority found - Retrying using bundled CA certs file
[19-03-2017 10:22:09] PayPal\Core\PayPalHttpConnection : INFO: Response Status 	: 401
[19-03-2017 10:22:09] PayPal\Core\PayPalHttpConnection : ERROR: Got Http response code 401 when accessing https://api.paypal.com/v1/oauth2/token. {"error":"invalid_client","error_description":"Client Authentication failed"}
[19-03-2017 10:23:16] PayPal\Core\PayPalHttpConnection : INFO: POST https://api.paypal.com/v1/oauth2/token
[19-03-2017 10:23:16] PayPal\Core\PayPalHttpConnection : INFO: Invalid or no certificate authority found - Retrying using bundled CA certs file
[19-03-2017 10:23:17] PayPal\Core\PayPalHttpConnection : INFO: Response Status 	: 401
[19-03-2017 10:23:17] PayPal\Core\PayPalHttpConnection : ERROR: Got Http response code 401 when accessing https://api.paypal.com/v1/oauth2/token. {"error":"invalid_client","error_description":"Client Authentication failed"}
[19-03-2017 10:30:03] PayPal\Core\PayPalHttpConnection : INFO: POST https://api.paypal.com/v1/oauth2/token
[19-03-2017 10:30:03] PayPal\Core\PayPalHttpConnection : INFO: Invalid or no certificate authority found - Retrying using bundled CA certs file
[19-03-2017 10:30:04] PayPal\Core\PayPalHttpConnection : INFO: Response Status 	: 401
[19-03-2017 10:30:04] PayPal\Core\PayPalHttpConnection : ERROR: Got Http response code 401 when accessing https://api.paypal.com/v1/oauth2/token. {"error":"invalid_client","error_description":"Client Authentication failed"}
[19-03-2017 10:30:34] PayPal\Core\PayPalHttpConnection : INFO: POST https://api.sandbox.paypal.com/v1/oauth2/token
[19-03-2017 10:30:35] PayPal\Core\PayPalHttpConnection : INFO: Invalid or no certificate authority found - Retrying using bundled CA certs file
[19-03-2017 10:30:36] PayPal\Core\PayPalHttpConnection : INFO: Response Status 	: 200
[19-03-2017 10:30:36] PayPal\Core\PayPalHttpConnection : INFO: POST https://api.sandbox.paypal.com/v1/payments/payment
[19-03-2017 10:30:37] PayPal\Core\PayPalHttpConnection : INFO: Invalid or no certificate authority found - Retrying using bundled CA certs file
[19-03-2017 10:30:44] PayPal\Core\PayPalHttpConnection : INFO: Response Status 	: 201
[19-03-2017 10:31:07] PayPal\Core\PayPalHttpConnection : INFO: POST https://api.sandbox.paypal.com/v1/oauth2/token
[19-03-2017 10:31:08] PayPal\Core\PayPalHttpConnection : INFO: Invalid or no certificate authority found - Retrying using bundled CA certs file
[19-03-2017 10:31:08] PayPal\Core\PayPalHttpConnection : DEBUG: Request Headers 	: POST /v1/oauth2/token HTTP/1.1, Host: api.sandbox.paypal.com, User-Agent: PayPalSDK/PayPal-PHP-SDK 1.11.0 (platform-ver=5.6.25; bit=32; os=Windows_NT_6.1; machine=AMD64; crypto-lib-ver=1.0.1t; curl=7.50.1), Authorization: Basic QWMyZldTQk9ZVlNyMnJpMHNfT2lhMEZnV2NZMTlqcG9pLWJjUUVKT0ZHdWE0MTFTQjFkTXJmXzRxNnBLdUtrakxDdEtGNVk5Nk15eUlsbkQ6RU42RFBYNi1QWU5XQ2lndFZzMHRCMHVUZWlnOWxiSWdDdndPT0JEZjhpNTBvRHE3eGk3eURNWndhZVdMSUtHRFFzT0NUck90YXJIRWMzQm8=, Accept: */*, Content-Length: 29, Content-Type: application/x-www-form-urlencoded, , 
[19-03-2017 10:31:08] PayPal\Core\PayPalHttpConnection : DEBUG: Request Data		: grant_type=client_credentials
--------------------------------------------------------------------------------------------------------------------------------

[19-03-2017 10:31:08] PayPal\Core\PayPalHttpConnection : INFO: Response Status 	: 200
[19-03-2017 10:31:08] PayPal\Core\PayPalHttpConnection : DEBUG: Response Headers	: HTTP/1.1 200 OK, Date: Sun, 19 Mar 2017 22:31:09 GMT, Server: Apache, paypal-debug-id: 3cdaf6fc997aa, X-PAYPAL-TOKEN-SERVICE: IAAS, Paypal-Debug-Id: 3cdaf6fc997aa, Set-Cookie: X-PP-SILOVER=name%3DSANDBOX3.API.1%26silo_version%3D1880%26app%3Dplatformapiserv%26TIME%3D2902904664%26HTTP_X_PP_AZ_LOCATOR%3D; Expires=Sun, 19 Mar 2017 23:01:09 GMT; domain=.paypal.com; path=/; Secure; HttpOnly, Set-Cookie: X-PP-SILOVER=; Expires=Thu, 01 Jan 1970 00:00:01 GMT, Vary: Authorization, Content-Length: 550, Connection: close, Content-Type: application/json, , 
[19-03-2017 10:31:08] PayPal\Core\PayPalHttpConnection : DEBUG: Response Data 	: {"scope":"https://uri.paypal.com/services/subscriptions https://api.paypal.com/v1/payments/.* https://api.paypal.com/v1/vault/credit-card https://uri.paypal.com/services/applications/webhooks openid https://uri.paypal.com/payments/payouts https://api.paypal.com/v1/vault/credit-card/.*","nonce":"2017-03-19T22:05:05Z1ZlmULgWpvtqiUnneoT9uoVth0CWeNTyUg7rMQIsPt0","access_token":"A101.C1f2SHTei4COENTotSoxHIKd-SrnJXcWUiWdJaRqZUt32xkt4Tt_Lkk6h7uMwVYq.lKm-Gxy3ObeQ40tg_It78inStpG","token_type":"Bearer","app_id":"APP-80W284485P519543T","expires_in":30836}

================================================================================================================================

[19-03-2017 10:31:08] PayPal\Core\PayPalHttpConnection : INFO: POST https://api.sandbox.paypal.com/v1/payments/payment
[19-03-2017 10:31:09] PayPal\Core\PayPalHttpConnection : INFO: Invalid or no certificate authority found - Retrying using bundled CA certs file
[19-03-2017 10:31:15] PayPal\Core\PayPalHttpConnection : DEBUG: Request Headers 	: POST /v1/payments/payment HTTP/1.1, Host: api.sandbox.paypal.com, Accept: */*, Content-Type: application/json, User-Agent: PayPalSDK/PayPal-PHP-SDK 1.11.0 (platform-ver=5.6.25; bit=32; os=Windows_NT_6.1; machine=AMD64; crypto-lib-ver=1.0.1t; curl=7.50.1), Authorization: Bearer A101.C1f2SHTei4COENTotSoxHIKd-SrnJXcWUiWdJaRqZUt32xkt4Tt_Lkk6h7uMwVYq.lKm-Gxy3ObeQ40tg_It78inStpG, Content-Length: 601, , 
[19-03-2017 10:31:15] PayPal\Core\PayPalHttpConnection : DEBUG: Request Data		: {"intent":"sale","payer":{"payment_method":"credit_card","funding_instruments":[{"payment_card":{"type":"visa","number":"4669424246660779","expire_month":"11","expire_year":"2019","cvv2":"012","first_name":"Joe","billing_country":"US","last_name":"Shopper"}}]},"transactions":[{"amount":{"currency":"USD","total":"0.03","details":{"shipping":"0.01","tax":"0.01","subtotal":"0.01"}},"item_list":{"items":[{"name":"Granola bars","description":"Granola Bars with Peanuts","currency":"USD","quantity":1,"tax":"0.01","price":"0.01"}]},"description":"Payment description","invoice_number":"58cf06ab90249"}]}
--------------------------------------------------------------------------------------------------------------------------------

[19-03-2017 10:31:15] PayPal\Core\PayPalHttpConnection : INFO: Response Status 	: 201
[19-03-2017 10:31:15] PayPal\Core\PayPalHttpConnection : DEBUG: Response Headers	: HTTP/1.1 201 Created, Date: Sun, 19 Mar 2017 22:31:10 GMT, Server: Apache, paypal-debug-id: a74cd2bfce012, Content-Language: *, Paypal-Debug-Id: a74cd2bfce012, Set-Cookie: X-PP-SILOVER=name%3DSANDBOX3.API.1%26silo_version%3D1880%26app%3Dplatformapiserv%26TIME%3D2919681880%26HTTP_X_PP_AZ_LOCATOR%3D; Expires=Sun, 19 Mar 2017 23:01:16 GMT; domain=.paypal.com; path=/; Secure; HttpOnly, Set-Cookie: X-PP-SILOVER=; Expires=Thu, 01 Jan 1970 00:00:01 GMT, Vary: Authorization, Content-Length: 1496, Connection: close, Content-Type: application/json, , 
[19-03-2017 10:31:15] PayPal\Core\PayPalHttpConnection : DEBUG: Response Data 	: {"id":"PAY-897787116R359274FLDHQNLY","create_time":"2017-03-19T22:31:11Z","update_time":"2017-03-19T22:31:16Z","state":"approved","intent":"sale","payer":{"payment_method":"credit_card","funding_instruments":[{"credit_card":{"type":"visa","number":"xxxxxxxxxxxx0779","expire_month":"11","expire_year":"2019","first_name":"Joe","last_name":"Shopper"}}]},"transactions":[{"amount":{"total":"0.03","currency":"USD","details":{"subtotal":"0.01","tax":"0.01","shipping":"0.01"}},"description":"Payment description","invoice_number":"58cf06ab90249","item_list":{"items":[{"name":"Granola bars","price":"0.01","currency":"USD","quantity":"1","description":"Granola Bars with Peanuts","tax":"0.01"}]},"related_resources":[{"sale":{"id":"32P63616LY7760310","create_time":"2017-03-19T22:31:11Z","update_time":"2017-03-19T22:31:16Z","amount":{"total":"0.03","currency":"USD"},"state":"completed","parent_payment":"PAY-897787116R359274FLDHQNLY","links":[{"href":"https://api.sandbox.paypal.com/v1/payments/sale/32P63616LY7760310","rel":"self","method":"GET"},{"href":"https://api.sandbox.paypal.com/v1/payments/sale/32P63616LY7760310/refund","rel":"refund","method":"POST"},{"href":"https://api.sandbox.paypal.com/v1/payments/payment/PAY-897787116R359274FLDHQNLY","rel":"parent_payment","method":"GET"}],"fmf_details":{},"processor_response":{"avs_code":"X","cvv_code":"M"}}}]}],"links":[{"href":"https://api.sandbox.paypal.com/v1/payments/payment/PAY-897787116R359274FLDHQNLY","rel":"self","method":"GET"}]}

================================================================================================================================

[19-03-2017 10:31:27] PayPal\Core\PayPalHttpConnection : INFO: POST https://api.paypal.com/v1/oauth2/token
[19-03-2017 10:31:27] PayPal\Core\PayPalHttpConnection : INFO: Invalid or no certificate authority found - Retrying using bundled CA certs file
[19-03-2017 10:31:28] PayPal\Core\PayPalHttpConnection : INFO: Response Status 	: 401
[19-03-2017 10:31:28] PayPal\Core\PayPalHttpConnection : ERROR: Got Http response code 401 when accessing https://api.paypal.com/v1/oauth2/token. {"error":"invalid_client","error_description":"Client Authentication failed"}
[19-03-2017 10:48:54] PayPal\Core\PayPalHttpConnection : INFO: POST https://api.paypal.com/v1/oauth2/token
[19-03-2017 10:48:54] PayPal\Core\PayPalHttpConnection : INFO: Invalid or no certificate authority found - Retrying using bundled CA certs file
[19-03-2017 10:48:55] PayPal\Core\PayPalHttpConnection : INFO: Response Status 	: 401
[19-03-2017 10:48:55] PayPal\Core\PayPalHttpConnection : ERROR: Got Http response code 401 when accessing https://api.paypal.com/v1/oauth2/token. {"error":"invalid_client","error_description":"Client Authentication failed"}
[19-03-2017 10:50:36] PayPal\Core\PayPalHttpConnection : INFO: POST https://api.paypal.com/v1/oauth2/token
[19-03-2017 10:50:37] PayPal\Core\PayPalHttpConnection : INFO: Invalid or no certificate authority found - Retrying using bundled CA certs file
[19-03-2017 10:50:38] PayPal\Core\PayPalHttpConnection : INFO: Response Status 	: 401
[19-03-2017 10:50:38] PayPal\Core\PayPalHttpConnection : ERROR: Got Http response code 401 when accessing https://api.paypal.com/v1/oauth2/token. {"error":"invalid_client","error_description":"Client Authentication failed"}
[19-03-2017 10:53:18] PayPal\Core\PayPalHttpConnection : INFO: POST https://api.paypal.com/v1/oauth2/token
[19-03-2017 10:53:19] PayPal\Core\PayPalHttpConnection : INFO: Invalid or no certificate authority found - Retrying using bundled CA certs file
[19-03-2017 10:53:20] PayPal\Core\PayPalHttpConnection : INFO: Response Status 	: 401
[19-03-2017 10:53:20] PayPal\Core\PayPalHttpConnection : ERROR: Got Http response code 401 when accessing https://api.paypal.com/v1/oauth2/token. {"error":"invalid_client","error_description":"Client Authentication failed"}
[20-03-2017 07:51:51] PayPal\Core\PayPalHttpConnection : INFO: POST https://api.paypal.com/v1/oauth2/token
[20-03-2017 07:51:52] PayPal\Core\PayPalHttpConnection : INFO: Invalid or no certificate authority found - Retrying using bundled CA certs file
[20-03-2017 07:51:53] PayPal\Core\PayPalHttpConnection : INFO: Response Status 	: 401
[20-03-2017 07:51:53] PayPal\Core\PayPalHttpConnection : ERROR: Got Http response code 401 when accessing https://api.paypal.com/v1/oauth2/token. {"error":"invalid_client","error_description":"Client Authentication failed"}
[20-03-2017 07:53:08] PayPal\Core\PayPalHttpConnection : INFO: POST https://api.paypal.com/v1/oauth2/token
[20-03-2017 07:53:09] PayPal\Core\PayPalHttpConnection : INFO: Invalid or no certificate authority found - Retrying using bundled CA certs file
[20-03-2017 07:53:09] PayPal\Core\PayPalHttpConnection : INFO: Response Status 	: 200
[20-03-2017 07:53:09] PayPal\Core\PayPalHttpConnection : INFO: POST https://api.paypal.com/v1/payments/payment
[20-03-2017 07:53:10] PayPal\Core\PayPalHttpConnection : INFO: Invalid or no certificate authority found - Retrying using bundled CA certs file
[20-03-2017 07:53:11] PayPal\Core\PayPalHttpConnection : INFO: Response Status 	: 201
[20-03-2017 07:56:11] PayPal\Core\PayPalHttpConnection : INFO: POST https://api.paypal.com/v1/oauth2/token
[20-03-2017 07:56:12] PayPal\Core\PayPalHttpConnection : INFO: Invalid or no certificate authority found - Retrying using bundled CA certs file
[20-03-2017 07:56:13] PayPal\Core\PayPalHttpConnection : INFO: Response Status 	: 200
[20-03-2017 07:56:13] PayPal\Core\PayPalHttpConnection : INFO: POST https://api.paypal.com/v1/payments/payment
[20-03-2017 07:56:14] PayPal\Core\PayPalHttpConnection : INFO: Invalid or no certificate authority found - Retrying using bundled CA certs file
[20-03-2017 07:56:15] PayPal\Core\PayPalHttpConnection : INFO: Response Status 	: 201
[20-03-2017 07:57:17] PayPal\Core\PayPalHttpConnection : INFO: POST https://api.paypal.com/v1/oauth2/token
[20-03-2017 07:57:18] PayPal\Core\PayPalHttpConnection : INFO: Invalid or no certificate authority found - Retrying using bundled CA certs file
[20-03-2017 07:57:19] PayPal\Core\PayPalHttpConnection : INFO: Response Status 	: 200
[20-03-2017 07:57:19] PayPal\Core\PayPalHttpConnection : INFO: POST https://api.paypal.com/v1/payments/payment
[20-03-2017 07:57:22] PayPal\Core\PayPalHttpConnection : INFO: Invalid or no certificate authority found - Retrying using bundled CA certs file
[20-03-2017 07:57:23] PayPal\Core\PayPalHttpConnection : INFO: Response Status 	: 401
[20-03-2017 07:57:23] PayPal\Core\PayPalHttpConnection : ERROR: Got Http response code 401 when accessing https://api.paypal.com/v1/payments/payment. {"name":"UNAUTHORIZED_PAYMENT","message":"Unauthorized payment.","information_link":"https://developer.paypal.com/webapps/developer/docs/api/#UNAUTHORIZED_PAYMENT","debug_id":"14297d324bf77"}
[20-03-2017 07:57:56] PayPal\Core\PayPalHttpConnection : INFO: POST https://api.paypal.com/v1/oauth2/token
[20-03-2017 07:57:56] PayPal\Core\PayPalHttpConnection : INFO: Invalid or no certificate authority found - Retrying using bundled CA certs file
[20-03-2017 07:57:58] PayPal\Core\PayPalHttpConnection : INFO: Response Status 	: 200
[20-03-2017 07:57:58] PayPal\Core\PayPalHttpConnection : INFO: POST https://api.paypal.com/v1/payments/payment
[20-03-2017 07:57:59] PayPal\Core\PayPalHttpConnection : INFO: Invalid or no certificate authority found - Retrying using bundled CA certs file
[20-03-2017 07:58:00] PayPal\Core\PayPalHttpConnection : INFO: Response Status 	: 401
[20-03-2017 07:58:00] PayPal\Core\PayPalHttpConnection : ERROR: Got Http response code 401 when accessing https://api.paypal.com/v1/payments/payment. {"name":"UNAUTHORIZED_PAYMENT","message":"Unauthorized payment.","information_link":"https://developer.paypal.com/webapps/developer/docs/api/#UNAUTHORIZED_PAYMENT","debug_id":"93504606c272f"}
[20-03-2017 07:58:31] PayPal\Core\PayPalHttpConnection : INFO: POST https://api.paypal.com/v1/oauth2/token
[20-03-2017 07:58:31] PayPal\Core\PayPalHttpConnection : INFO: Invalid or no certificate authority found - Retrying using bundled CA certs file
[20-03-2017 07:58:32] PayPal\Core\PayPalHttpConnection : INFO: Response Status 	: 200
[20-03-2017 07:58:32] PayPal\Core\PayPalHttpConnection : INFO: POST https://api.paypal.com/v1/payments/payment
[20-03-2017 07:58:32] PayPal\Core\PayPalHttpConnection : INFO: Invalid or no certificate authority found - Retrying using bundled CA certs file
[20-03-2017 07:58:34] PayPal\Core\PayPalHttpConnection : INFO: Response Status 	: 201
[20-03-2017 08:24:16] PayPal\Core\PayPalHttpConnection : INFO: POST https://api.paypal.com/v1/oauth2/token
[20-03-2017 08:24:17] PayPal\Core\PayPalHttpConnection : INFO: POST https://api.paypal.com/v1/oauth2/token
[20-03-2017 08:24:17] PayPal\Core\PayPalHttpConnection : INFO: Invalid or no certificate authority found - Retrying using bundled CA certs file
[20-03-2017 08:24:17] PayPal\Core\PayPalHttpConnection : INFO: Invalid or no certificate authority found - Retrying using bundled CA certs file
[20-03-2017 08:24:18] PayPal\Core\PayPalHttpConnection : INFO: Response Status 	: 200
[20-03-2017 08:24:18] PayPal\Core\PayPalHttpConnection : INFO: POST https://api.paypal.com/v1/payments/payment
[20-03-2017 08:24:18] PayPal\Core\PayPalHttpConnection : INFO: Response Status 	: 200
[20-03-2017 08:24:18] PayPal\Core\PayPalHttpConnection : INFO: POST https://api.paypal.com/v1/payments/payment
[20-03-2017 08:24:19] PayPal\Core\PayPalHttpConnection : INFO: Invalid or no certificate authority found - Retrying using bundled CA certs file
[20-03-2017 08:24:19] PayPal\Core\PayPalHttpConnection : INFO: Invalid or no certificate authority found - Retrying using bundled CA certs file
[20-03-2017 08:24:19] PayPal\Core\PayPalHttpConnection : INFO: Response Status 	: 401
[20-03-2017 08:24:19] PayPal\Core\PayPalHttpConnection : ERROR: Got Http response code 401 when accessing https://api.paypal.com/v1/payments/payment. {"name":"UNAUTHORIZED_PAYMENT","message":"Unauthorized payment.","information_link":"https://developer.paypal.com/webapps/developer/docs/api/#UNAUTHORIZED_PAYMENT","debug_id":"5b3d094e5e6eb"}
[20-03-2017 08:24:19] PayPal\Core\PayPalHttpConnection : INFO: Response Status 	: 401
[20-03-2017 08:24:19] PayPal\Core\PayPalHttpConnection : ERROR: Got Http response code 401 when accessing https://api.paypal.com/v1/payments/payment. {"name":"UNAUTHORIZED_PAYMENT","message":"Unauthorized payment.","information_link":"https://developer.paypal.com/webapps/developer/docs/api/#UNAUTHORIZED_PAYMENT","debug_id":"b7fbf4db5df2c"}
[20-03-2017 08:34:36] PayPal\Core\PayPalHttpConnection : INFO: POST https://api.paypal.com/v1/oauth2/token
[20-03-2017 08:34:36] PayPal\Core\PayPalHttpConnection : INFO: Invalid or no certificate authority found - Retrying using bundled CA certs file
[20-03-2017 08:34:37] PayPal\Core\PayPalHttpConnection : INFO: Response Status 	: 200
[20-03-2017 08:34:37] PayPal\Core\PayPalHttpConnection : INFO: POST https://api.paypal.com/v1/payments/payment
[20-03-2017 08:34:38] PayPal\Core\PayPalHttpConnection : INFO: Invalid or no certificate authority found - Retrying using bundled CA certs file
[20-03-2017 08:34:39] PayPal\Core\PayPalHttpConnection : INFO: Response Status 	: 401
[20-03-2017 08:34:39] PayPal\Core\PayPalHttpConnection : ERROR: Got Http response code 401 when accessing https://api.paypal.com/v1/payments/payment. {"name":"UNAUTHORIZED_PAYMENT","message":"Unauthorized payment.","information_link":"https://developer.paypal.com/webapps/developer/docs/api/#UNAUTHORIZED_PAYMENT","debug_id":"976082af04ad"}
[20-03-2017 08:34:44] PayPal\Core\PayPalHttpConnection : INFO: POST https://api.paypal.com/v1/oauth2/token
[20-03-2017 08:34:45] PayPal\Core\PayPalHttpConnection : INFO: POST https://api.paypal.com/v1/oauth2/token
[20-03-2017 08:34:45] PayPal\Core\PayPalHttpConnection : INFO: Invalid or no certificate authority found - Retrying using bundled CA certs file
[20-03-2017 08:34:47] PayPal\Core\PayPalHttpConnection : INFO: Response Status 	: 200
[20-03-2017 08:34:47] PayPal\Core\PayPalHttpConnection : INFO: POST https://api.paypal.com/v1/payments/payment
[20-03-2017 08:34:47] PayPal\Core\PayPalHttpConnection : INFO: Invalid or no certificate authority found - Retrying using bundled CA certs file
[20-03-2017 08:34:48] PayPal\Core\PayPalHttpConnection : INFO: Invalid or no certificate authority found - Retrying using bundled CA certs file
[20-03-2017 08:34:49] PayPal\Core\PayPalHttpConnection : INFO: Response Status 	: 201
[20-03-2017 08:34:49] PayPal\Core\PayPalHttpConnection : INFO: Response Status 	: 200
[20-03-2017 08:34:49] PayPal\Core\PayPalHttpConnection : INFO: POST https://api.paypal.com/v1/payments/payment
[20-03-2017 08:34:49] PayPal\Core\PayPalHttpConnection : INFO: Invalid or no certificate authority found - Retrying using bundled CA certs file
[20-03-2017 08:34:50] PayPal\Core\PayPalHttpConnection : INFO: Response Status 	: 201
[20-03-2017 08:42:47] PayPal\Core\PayPalHttpConnection : INFO: POST https://api.paypal.com/v1/oauth2/token
[20-03-2017 08:42:48] PayPal\Core\PayPalHttpConnection : INFO: Invalid or no certificate authority found - Retrying using bundled CA certs file
[20-03-2017 08:42:49] PayPal\Core\PayPalHttpConnection : INFO: Response Status 	: 200
[20-03-2017 08:42:49] PayPal\Core\PayPalHttpConnection : INFO: POST https://api.paypal.com/v1/payments/payment
[20-03-2017 08:42:53] PayPal\Core\PayPalHttpConnection : INFO: Invalid or no certificate authority found - Retrying using bundled CA certs file
[20-03-2017 08:42:54] PayPal\Core\PayPalHttpConnection : INFO: Response Status 	: 201
[20-03-2017 08:47:02] PayPal\Core\PayPalHttpConnection : INFO: POST https://api.paypal.com/v1/oauth2/token
[20-03-2017 08:47:03] PayPal\Core\PayPalHttpConnection : INFO: Invalid or no certificate authority found - Retrying using bundled CA certs file
[20-03-2017 08:47:04] PayPal\Core\PayPalHttpConnection : INFO: Response Status 	: 200
[20-03-2017 08:47:04] PayPal\Core\PayPalHttpConnection : INFO: POST https://api.paypal.com/v1/payments/payment
[20-03-2017 08:47:04] PayPal\Core\PayPalHttpConnection : INFO: Invalid or no certificate authority found - Retrying using bundled CA certs file
[20-03-2017 08:47:06] PayPal\Core\PayPalHttpConnection : INFO: Response Status 	: 201
[20-03-2017 08:56:59] PayPal\Core\PayPalHttpConnection : INFO: POST https://api.paypal.com/v1/oauth2/token
[20-03-2017 08:56:59] PayPal\Core\PayPalHttpConnection : INFO: Invalid or no certificate authority found - Retrying using bundled CA certs file
[20-03-2017 08:57:00] PayPal\Core\PayPalHttpConnection : INFO: Response Status 	: 200
[20-03-2017 08:57:00] PayPal\Core\PayPalHttpConnection : INFO: POST https://api.paypal.com/v1/payments/payment
[20-03-2017 08:57:01] PayPal\Core\PayPalHttpConnection : INFO: Invalid or no certificate authority found - Retrying using bundled CA certs file
[20-03-2017 08:57:02] PayPal\Core\PayPalHttpConnection : INFO: Response Status 	: 201
[21-03-2017 05:18:30] PayPal\Core\PayPalHttpConnection : INFO: POST https://api.paypal.com/v1/oauth2/token
[21-03-2017 05:18:31] PayPal\Core\PayPalHttpConnection : INFO: Invalid or no certificate authority found - Retrying using bundled CA certs file
[21-03-2017 05:18:32] PayPal\Core\PayPalHttpConnection : INFO: Response Status 	: 200
[21-03-2017 05:18:32] PayPal\Core\PayPalHttpConnection : INFO: POST https://api.paypal.com/v1/payments/payment
[21-03-2017 05:18:33] PayPal\Core\PayPalHttpConnection : INFO: Invalid or no certificate authority found - Retrying using bundled CA certs file
[21-03-2017 05:18:34] PayPal\Core\PayPalHttpConnection : INFO: Response Status 	: 201
[21-03-2017 05:21:00] PayPal\Core\PayPalHttpConnection : INFO: POST https://api.paypal.com/v1/oauth2/token
[21-03-2017 05:21:01] PayPal\Core\PayPalHttpConnection : INFO: Invalid or no certificate authority found - Retrying using bundled CA certs file
[21-03-2017 05:21:05] PayPal\Core\PayPalHttpConnection : INFO: Response Status 	: 200
[21-03-2017 05:21:05] PayPal\Core\PayPalHttpConnection : INFO: POST https://api.paypal.com/v1/payments/payment
[21-03-2017 05:21:05] PayPal\Core\PayPalHttpConnection : INFO: Invalid or no certificate authority found - Retrying using bundled CA certs file
[21-03-2017 05:21:06] PayPal\Core\PayPalHttpConnection : INFO: Response Status 	: 201
[21-03-2017 05:22:45] PayPal\Core\PayPalHttpConnection : INFO: POST https://api.paypal.com/v1/oauth2/token
[21-03-2017 05:22:45] PayPal\Core\PayPalHttpConnection : INFO: Invalid or no certificate authority found - Retrying using bundled CA certs file
[21-03-2017 05:22:46] PayPal\Core\PayPalHttpConnection : INFO: Response Status 	: 200
[21-03-2017 05:22:46] PayPal\Core\PayPalHttpConnection : INFO: POST https://api.paypal.com/v1/payments/payment
[21-03-2017 05:22:46] PayPal\Core\PayPalHttpConnection : INFO: Invalid or no certificate authority found - Retrying using bundled CA certs file
[21-03-2017 05:22:47] PayPal\Core\PayPalHttpConnection : INFO: Response Status 	: 201
[21-03-2017 05:45:16] PayPal\Core\PayPalHttpConnection : INFO: POST https://api.sandbox.paypal.com/v1/oauth2/token
[21-03-2017 05:45:17] PayPal\Core\PayPalHttpConnection : INFO: Invalid or no certificate authority found - Retrying using bundled CA certs file
[21-03-2017 05:45:20] PayPal\Core\PayPalHttpConnection : DEBUG: Request Headers 	: POST /v1/oauth2/token HTTP/1.1, Host: api.sandbox.paypal.com, User-Agent: PayPalSDK/PayPal-PHP-SDK 1.11.0 (platform-ver=5.6.25; bit=32; os=Windows_NT_6.1; machine=AMD64; crypto-lib-ver=1.0.1t; curl=7.50.1), Authorization: Basic QWZ1Rk1UWG9EOHp2YzBhU2htOHZiczVRS21mV2JXc1hLcUdBQVhmQ29xVWlDaUFoMy1xNFF5NFV0U0NSUDhyT05BNDNmTGlOMTB3TVlFR046RUZRWko4OFUxMHFmOUNRRmxGWjIzUzRoSXpCOW05Rm1xVEx3T3BBOEt1b25FMGRGRHI3RWdtcmNORjFlVVJzRDdHTmwxRG9RQmh6RXE3RFI=, Accept: */*, Content-Length: 29, Content-Type: application/x-www-form-urlencoded, , 
[21-03-2017 05:45:20] PayPal\Core\PayPalHttpConnection : DEBUG: Request Data		: grant_type=client_credentials
--------------------------------------------------------------------------------------------------------------------------------

[21-03-2017 05:45:20] PayPal\Core\PayPalHttpConnection : INFO: Response Status 	: 200
[21-03-2017 05:45:20] PayPal\Core\PayPalHttpConnection : DEBUG: Response Headers	: HTTP/1.1 200 OK, Date: Tue, 21 Mar 2017 17:45:14 GMT, Server: Apache, paypal-debug-id: 80e6ae5fb0324, X-PAYPAL-TOKEN-SERVICE: IAAS, Paypal-Debug-Id: 80e6ae5fb0324, Set-Cookie: X-PP-SILOVER=name%3DSANDBOX3.API.1%26silo_version%3D1880%26app%3Dplatformapiserv%26TIME%3D2858864984%26HTTP_X_PP_AZ_LOCATOR%3D; Expires=Tue, 21 Mar 2017 18:15:16 GMT; domain=.paypal.com; path=/; Secure; HttpOnly, Set-Cookie: X-PP-SILOVER=; Expires=Thu, 01 Jan 1970 00:00:01 GMT, Vary: Authorization, Content-Length: 550, Connection: close, Content-Type: application/json, , 
[21-03-2017 05:45:20] PayPal\Core\PayPalHttpConnection : DEBUG: Response Data 	: {"scope":"https://uri.paypal.com/services/subscriptions https://api.paypal.com/v1/payments/.* https://api.paypal.com/v1/vault/credit-card https://uri.paypal.com/services/applications/webhooks openid https://uri.paypal.com/payments/payouts https://api.paypal.com/v1/vault/credit-card/.*","nonce":"2017-03-21T17:45:14ZynpGUdoZfo-vIwei0LKkTcBrSeXYUmN1Ddm9kvCqNE8","access_token":"A101.IunTJn0JWUoeSeVsmM9jUMIXEvb1Tso-7HPmriJk2q5Vev72jiHj03uXhKhsglCE.-PkErY_tA_rzVa-WHSheXOilnvS","token_type":"Bearer","app_id":"APP-80W284485P519543T","expires_in":32398}

================================================================================================================================

[21-03-2017 05:45:20] PayPal\Core\PayPalHttpConnection : INFO: POST https://api.sandbox.paypal.com/v1/payments/payment
[21-03-2017 05:45:20] PayPal\Core\PayPalHttpConnection : INFO: Invalid or no certificate authority found - Retrying using bundled CA certs file
[21-03-2017 05:45:21] PayPal\Core\PayPalHttpConnection : DEBUG: Request Headers 	: POST /v1/payments/payment HTTP/1.1, Host: api.sandbox.paypal.com, Accept: */*, Content-Type: application/json, User-Agent: PayPalSDK/PayPal-PHP-SDK 1.11.0 (platform-ver=5.6.25; bit=32; os=Windows_NT_6.1; machine=AMD64; crypto-lib-ver=1.0.1t; curl=7.50.1), Authorization: Bearer A101.IunTJn0JWUoeSeVsmM9jUMIXEvb1Tso-7HPmriJk2q5Vev72jiHj03uXhKhsglCE.-PkErY_tA_rzVa-WHSheXOilnvS, Content-Length: 465, , 
[21-03-2017 05:45:21] PayPal\Core\PayPalHttpConnection : DEBUG: Request Data		: {"intent":"sale","payer":{"payment_method":"paypal"},"redirect_urls":{"return_url":"http://localhost/zaposljavanje/second.php?success=true","cancel_url":"http://localhost/zaposljavanje/second.php?success=false"},"transactions":[{"amount":{"currency":"USD","total":"1","details":{}},"item_list":{"items":[{"name":"Ground Coffee 40 oz","currency":"USD","quantity":1,"sku":"123123","price":"1"}]},"description":"Payment description","invoice_number":"58d166ac8ba81"}]}
--------------------------------------------------------------------------------------------------------------------------------

[21-03-2017 05:45:21] PayPal\Core\PayPalHttpConnection : INFO: Response Status 	: 201
[21-03-2017 05:45:21] PayPal\Core\PayPalHttpConnection : DEBUG: Response Headers	: HTTP/1.1 201 Created, Date: Tue, 21 Mar 2017 17:45:18 GMT, Server: Apache, paypal-debug-id: 88a033ae1dc4b, Content-Language: *, Paypal-Debug-Id: 88a033ae1dc4b, Set-Cookie: X-PP-SILOVER=name%3DSANDBOX3.API.1%26silo_version%3D1880%26app%3Dplatformapiserv%26TIME%3D2925973848%26HTTP_X_PP_AZ_LOCATOR%3D; Expires=Tue, 21 Mar 2017 18:15:18 GMT; domain=.paypal.com; path=/; Secure; HttpOnly, Set-Cookie: X-PP-SILOVER=; Expires=Thu, 01 Jan 1970 00:00:01 GMT, Vary: Authorization, Content-Length: 833, Connection: close, Content-Type: application/json, , 
[21-03-2017 05:45:21] PayPal\Core\PayPalHttpConnection : DEBUG: Response Data 	: {"id":"PAY-7WC223026X610272JLDIWNLQ","intent":"sale","state":"created","payer":{"payment_method":"paypal"},"transactions":[{"amount":{"total":"1.00","currency":"USD","details":{}},"description":"Payment description","invoice_number":"58d166ac8ba81","item_list":{"items":[{"name":"Ground Coffee 40 oz","sku":"123123","price":"1.00","currency":"USD","quantity":1}]},"related_resources":[]}],"create_time":"2017-03-21T17:45:18Z","links":[{"href":"https://api.sandbox.paypal.com/v1/payments/payment/PAY-7WC223026X610272JLDIWNLQ","rel":"self","method":"GET"},{"href":"https://www.sandbox.paypal.com/cgi-bin/webscr?cmd=_express-checkout&token=EC-3DK048764C469094T","rel":"approval_url","method":"REDIRECT"},{"href":"https://api.sandbox.paypal.com/v1/payments/payment/PAY-7WC223026X610272JLDIWNLQ/execute","rel":"execute","method":"POST"}]}

================================================================================================================================

[21-03-2017 05:46:16] PayPal\Core\PayPalHttpConnection : INFO: POST https://api.paypal.com/v1/oauth2/token
[21-03-2017 05:46:17] PayPal\Core\PayPalHttpConnection : INFO: Invalid or no certificate authority found - Retrying using bundled CA certs file
[21-03-2017 05:46:18] PayPal\Core\PayPalHttpConnection : INFO: Response Status 	: 200
[21-03-2017 05:46:18] PayPal\Core\PayPalHttpConnection : INFO: POST https://api.paypal.com/v1/payments/payment
[21-03-2017 05:46:18] PayPal\Core\PayPalHttpConnection : INFO: Invalid or no certificate authority found - Retrying using bundled CA certs file
[21-03-2017 05:46:19] PayPal\Core\PayPalHttpConnection : INFO: Response Status 	: 201
[21-03-2017 05:47:51] PayPal\Core\PayPalHttpConnection : INFO: POST https://api.paypal.com/v1/oauth2/token
[21-03-2017 05:47:51] PayPal\Core\PayPalHttpConnection : INFO: Invalid or no certificate authority found - Retrying using bundled CA certs file
[21-03-2017 05:47:52] PayPal\Core\PayPalHttpConnection : INFO: Response Status 	: 200
[21-03-2017 05:47:52] PayPal\Core\PayPalHttpConnection : INFO: GET https://api.paypal.com/v1/payments/payment/PAY-7WC223026X610272JLDIWNLQ
[21-03-2017 05:47:53] PayPal\Core\PayPalHttpConnection : INFO: Invalid or no certificate authority found - Retrying using bundled CA certs file
[21-03-2017 05:47:53] PayPal\Core\PayPalHttpConnection : INFO: Response Status 	: 404
[21-03-2017 05:47:53] PayPal\Core\PayPalHttpConnection : ERROR: Got Http response code 404 when accessing https://api.paypal.com/v1/payments/payment/PAY-7WC223026X610272JLDIWNLQ. {"name":"INVALID_RESOURCE_ID","message":"Requested resource ID was not found.","information_link":"https://developer.paypal.com/webapps/developer/docs/api/#INVALID_RESOURCE_ID","debug_id":"17c7036c9d64e"}
[21-03-2017 05:50:28] PayPal\Core\PayPalHttpConnection : INFO: POST https://api.sandbox.paypal.com/v1/oauth2/token
[21-03-2017 05:50:29] PayPal\Core\PayPalHttpConnection : INFO: Invalid or no certificate authority found - Retrying using bundled CA certs file
[21-03-2017 05:50:30] PayPal\Core\PayPalHttpConnection : DEBUG: Request Headers 	: POST /v1/oauth2/token HTTP/1.1, Host: api.sandbox.paypal.com, User-Agent: PayPalSDK/PayPal-PHP-SDK 1.11.0 (platform-ver=5.6.25; bit=32; os=Windows_NT_6.1; machine=AMD64; crypto-lib-ver=1.0.1t; curl=7.50.1), Authorization: Basic QWZ1Rk1UWG9EOHp2YzBhU2htOHZiczVRS21mV2JXc1hLcUdBQVhmQ29xVWlDaUFoMy1xNFF5NFV0U0NSUDhyT05BNDNmTGlOMTB3TVlFR046RUZRWko4OFUxMHFmOUNRRmxGWjIzUzRoSXpCOW05Rm1xVEx3T3BBOEt1b25FMGRGRHI3RWdtcmNORjFlVVJzRDdHTmwxRG9RQmh6RXE3RFI=, Accept: */*, Content-Length: 29, Content-Type: application/x-www-form-urlencoded, , 
[21-03-2017 05:50:30] PayPal\Core\PayPalHttpConnection : DEBUG: Request Data		: grant_type=client_credentials
--------------------------------------------------------------------------------------------------------------------------------

[21-03-2017 05:50:30] PayPal\Core\PayPalHttpConnection : INFO: Response Status 	: 200
[21-03-2017 05:50:30] PayPal\Core\PayPalHttpConnection : DEBUG: Response Headers	: HTTP/1.1 200 OK, Date: Tue, 21 Mar 2017 17:50:27 GMT, Server: Apache, paypal-debug-id: ebbe30561ccd6, X-PAYPAL-TOKEN-SERVICE: IAAS, Paypal-Debug-Id: ebbe30561ccd6, Set-Cookie: X-PP-SILOVER=name%3DSANDBOX3.API.1%26silo_version%3D1880%26app%3Dplatformapiserv%26TIME%3D3815231832%26HTTP_X_PP_AZ_LOCATOR%3D; Expires=Tue, 21 Mar 2017 18:20:27 GMT; domain=.paypal.com; path=/; Secure; HttpOnly, Set-Cookie: X-PP-SILOVER=; Expires=Thu, 01 Jan 1970 00:00:01 GMT, Vary: Authorization, Content-Length: 550, Connection: close, Content-Type: application/json, , 
[21-03-2017 05:50:30] PayPal\Core\PayPalHttpConnection : DEBUG: Response Data 	: {"scope":"https://uri.paypal.com/services/subscriptions https://api.paypal.com/v1/payments/.* https://api.paypal.com/v1/vault/credit-card https://uri.paypal.com/services/applications/webhooks openid https://uri.paypal.com/payments/payouts https://api.paypal.com/v1/vault/credit-card/.*","nonce":"2017-03-21T17:45:14ZynpGUdoZfo-vIwei0LKkTcBrSeXYUmN1Ddm9kvCqNE8","access_token":"A101.IunTJn0JWUoeSeVsmM9jUMIXEvb1Tso-7HPmriJk2q5Vev72jiHj03uXhKhsglCE.-PkErY_tA_rzVa-WHSheXOilnvS","token_type":"Bearer","app_id":"APP-80W284485P519543T","expires_in":32087}

================================================================================================================================

[21-03-2017 05:50:30] PayPal\Core\PayPalHttpConnection : INFO: POST https://api.sandbox.paypal.com/v1/payments/payment
[21-03-2017 05:50:30] PayPal\Core\PayPalHttpConnection : INFO: Invalid or no certificate authority found - Retrying using bundled CA certs file
[21-03-2017 05:50:31] PayPal\Core\PayPalHttpConnection : DEBUG: Request Headers 	: POST /v1/payments/payment HTTP/1.1, Host: api.sandbox.paypal.com, Accept: */*, Content-Type: application/json, User-Agent: PayPalSDK/PayPal-PHP-SDK 1.11.0 (platform-ver=5.6.25; bit=32; os=Windows_NT_6.1; machine=AMD64; crypto-lib-ver=1.0.1t; curl=7.50.1), Authorization: Bearer A101.IunTJn0JWUoeSeVsmM9jUMIXEvb1Tso-7HPmriJk2q5Vev72jiHj03uXhKhsglCE.-PkErY_tA_rzVa-WHSheXOilnvS, Content-Length: 306, , 
[21-03-2017 05:50:31] PayPal\Core\PayPalHttpConnection : DEBUG: Request Data		: {"intent":"sale","payer":{"payment_method":"paypal"},"transactions":[{"amount":{"currency":"USD","total":"1","details":{}},"item_list":{"items":[{"name":"Ground Coffee 40 oz","currency":"USD","quantity":1,"sku":"123123","price":"1"}]},"description":"Payment description","invoice_number":"58d167e4e6eeb"}]}
--------------------------------------------------------------------------------------------------------------------------------

[21-03-2017 05:50:31] PayPal\Core\PayPalHttpConnection : INFO: Response Status 	: 400
[21-03-2017 05:50:31] PayPal\Core\PayPalHttpConnection : DEBUG: Response Headers	: HTTP/1.1 400 Bad Request, Date: Tue, 21 Mar 2017 17:50:28 GMT, Server: Apache, paypal-debug-id: 7f1112546f34d, Content-Language: *, Connection: close, Paypal-Debug-Id: 7f1112546f34d, Set-Cookie: X-PP-SILOVER=name%3DSANDBOX3.API.1%26silo_version%3D1880%26app%3Dplatformapiserv%26TIME%3D3832009048%26HTTP_X_PP_AZ_LOCATOR%3D; Expires=Tue, 21 Mar 2017 18:20:28 GMT; domain=.paypal.com; path=/; Secure; HttpOnly, Set-Cookie: X-PP-SILOVER=; Expires=Thu, 01 Jan 1970 00:00:01 GMT, Vary: Authorization, Content-Length: 281, Content-Type: application/json, , 
[21-03-2017 05:50:31] PayPal\Core\PayPalHttpConnection : ERROR: Got Http response code 400 when accessing https://api.sandbox.paypal.com/v1/payments/payment. {"name":"VALIDATION_ERROR","details":[{"field":"redirect_urls","issue":"This field required when payment_method is 'paypal'"}],"message":"Invalid request - see details","information_link":"https://developer.paypal.com/docs/api/payments#VALIDATION_ERROR","debug_id":"7f1112546f34d"}
[21-03-2017 05:50:31] PayPal\Core\PayPalHttpConnection : DEBUG: 

================================================================================================================================

[21-03-2017 05:50:49] PayPal\Core\PayPalHttpConnection : INFO: POST https://api.sandbox.paypal.com/v1/oauth2/token
[21-03-2017 05:50:50] PayPal\Core\PayPalHttpConnection : INFO: Invalid or no certificate authority found - Retrying using bundled CA certs file
[21-03-2017 05:50:51] PayPal\Core\PayPalHttpConnection : DEBUG: Request Headers 	: POST /v1/oauth2/token HTTP/1.1, Host: api.sandbox.paypal.com, User-Agent: PayPalSDK/PayPal-PHP-SDK 1.11.0 (platform-ver=5.6.25; bit=32; os=Windows_NT_6.1; machine=AMD64; crypto-lib-ver=1.0.1t; curl=7.50.1), Authorization: Basic QWZ1Rk1UWG9EOHp2YzBhU2htOHZiczVRS21mV2JXc1hLcUdBQVhmQ29xVWlDaUFoMy1xNFF5NFV0U0NSUDhyT05BNDNmTGlOMTB3TVlFR046RUZRWko4OFUxMHFmOUNRRmxGWjIzUzRoSXpCOW05Rm1xVEx3T3BBOEt1b25FMGRGRHI3RWdtcmNORjFlVVJzRDdHTmwxRG9RQmh6RXE3RFI=, Accept: */*, Content-Length: 29, Content-Type: application/x-www-form-urlencoded, , 
[21-03-2017 05:50:51] PayPal\Core\PayPalHttpConnection : DEBUG: Request Data		: grant_type=client_credentials
--------------------------------------------------------------------------------------------------------------------------------

[21-03-2017 05:50:51] PayPal\Core\PayPalHttpConnection : INFO: Response Status 	: 200
[21-03-2017 05:50:51] PayPal\Core\PayPalHttpConnection : DEBUG: Response Headers	: HTTP/1.1 200 OK, Date: Tue, 21 Mar 2017 17:50:47 GMT, Server: Apache, paypal-debug-id: 431c1daaefd0f, X-PAYPAL-TOKEN-SERVICE: IAAS, Paypal-Debug-Id: 431c1daaefd0f, Set-Cookie: X-PP-SILOVER=name%3DSANDBOX3.API.1%26silo_version%3D1880%26app%3Dplatformapiserv%26TIME%3D4150776152%26HTTP_X_PP_AZ_LOCATOR%3D; Expires=Tue, 21 Mar 2017 18:20:48 GMT; domain=.paypal.com; path=/; Secure; HttpOnly, Set-Cookie: X-PP-SILOVER=; Expires=Thu, 01 Jan 1970 00:00:01 GMT, Vary: Authorization, Content-Length: 550, Connection: close, Content-Type: application/json, , 
[21-03-2017 05:50:51] PayPal\Core\PayPalHttpConnection : DEBUG: Response Data 	: {"scope":"https://uri.paypal.com/services/subscriptions https://api.paypal.com/v1/payments/.* https://api.paypal.com/v1/vault/credit-card https://uri.paypal.com/services/applications/webhooks openid https://uri.paypal.com/payments/payouts https://api.paypal.com/v1/vault/credit-card/.*","nonce":"2017-03-21T17:45:14ZynpGUdoZfo-vIwei0LKkTcBrSeXYUmN1Ddm9kvCqNE8","access_token":"A101.IunTJn0JWUoeSeVsmM9jUMIXEvb1Tso-7HPmriJk2q5Vev72jiHj03uXhKhsglCE.-PkErY_tA_rzVa-WHSheXOilnvS","token_type":"Bearer","app_id":"APP-80W284485P519543T","expires_in":32066}

================================================================================================================================

[21-03-2017 05:50:51] PayPal\Core\PayPalHttpConnection : INFO: POST https://api.sandbox.paypal.com/v1/payments/payment
[21-03-2017 05:50:51] PayPal\Core\PayPalHttpConnection : INFO: Invalid or no certificate authority found - Retrying using bundled CA certs file
[21-03-2017 05:50:52] PayPal\Core\PayPalHttpConnection : DEBUG: Request Headers 	: POST /v1/payments/payment HTTP/1.1, Host: api.sandbox.paypal.com, Accept: */*, Content-Type: application/json, User-Agent: PayPalSDK/PayPal-PHP-SDK 1.11.0 (platform-ver=5.6.25; bit=32; os=Windows_NT_6.1; machine=AMD64; crypto-lib-ver=1.0.1t; curl=7.50.1), Authorization: Bearer A101.IunTJn0JWUoeSeVsmM9jUMIXEvb1Tso-7HPmriJk2q5Vev72jiHj03uXhKhsglCE.-PkErY_tA_rzVa-WHSheXOilnvS, Content-Length: 306, , 
[21-03-2017 05:50:52] PayPal\Core\PayPalHttpConnection : DEBUG: Request Data		: {"intent":"sale","payer":{"payment_method":"paypal"},"transactions":[{"amount":{"currency":"USD","total":"1","details":{}},"item_list":{"items":[{"name":"Ground Coffee 40 oz","currency":"USD","quantity":1,"sku":"123123","price":"1"}]},"description":"Payment description","invoice_number":"58d167f9e0a23"}]}
--------------------------------------------------------------------------------------------------------------------------------

[21-03-2017 05:50:52] PayPal\Core\PayPalHttpConnection : INFO: Response Status 	: 400
[21-03-2017 05:50:52] PayPal\Core\PayPalHttpConnection : DEBUG: Response Headers	: HTTP/1.1 400 Bad Request, Date: Tue, 21 Mar 2017 17:50:49 GMT, Server: Apache, paypal-debug-id: efeded3140d23, Content-Language: *, Connection: close, Paypal-Debug-Id: efeded3140d23, Set-Cookie: X-PP-SILOVER=name%3DSANDBOX3.API.1%26silo_version%3D1880%26app%3Dplatformapiserv%26TIME%3D4184330584%26HTTP_X_PP_AZ_LOCATOR%3D; Expires=Tue, 21 Mar 2017 18:20:49 GMT; domain=.paypal.com; path=/; Secure; HttpOnly, Set-Cookie: X-PP-SILOVER=; Expires=Thu, 01 Jan 1970 00:00:01 GMT, Vary: Authorization, Content-Length: 281, Content-Type: application/json, , 
[21-03-2017 05:50:52] PayPal\Core\PayPalHttpConnection : ERROR: Got Http response code 400 when accessing https://api.sandbox.paypal.com/v1/payments/payment. {"name":"VALIDATION_ERROR","details":[{"field":"redirect_urls","issue":"This field required when payment_method is 'paypal'"}],"message":"Invalid request - see details","information_link":"https://developer.paypal.com/docs/api/payments#VALIDATION_ERROR","debug_id":"efeded3140d23"}
[21-03-2017 05:50:52] PayPal\Core\PayPalHttpConnection : DEBUG: 

================================================================================================================================

[21-03-2017 05:51:12] PayPal\Core\PayPalHttpConnection : INFO: POST https://api.sandbox.paypal.com/v1/oauth2/token
[21-03-2017 05:51:12] PayPal\Core\PayPalHttpConnection : INFO: Invalid or no certificate authority found - Retrying using bundled CA certs file
[21-03-2017 05:51:13] PayPal\Core\PayPalHttpConnection : DEBUG: Request Headers 	: POST /v1/oauth2/token HTTP/1.1, Host: api.sandbox.paypal.com, User-Agent: PayPalSDK/PayPal-PHP-SDK 1.11.0 (platform-ver=5.6.25; bit=32; os=Windows_NT_6.1; machine=AMD64; crypto-lib-ver=1.0.1t; curl=7.50.1), Authorization: Basic QWZ1Rk1UWG9EOHp2YzBhU2htOHZiczVRS21mV2JXc1hLcUdBQVhmQ29xVWlDaUFoMy1xNFF5NFV0U0NSUDhyT05BNDNmTGlOMTB3TVlFR046RUZRWko4OFUxMHFmOUNRRmxGWjIzUzRoSXpCOW05Rm1xVEx3T3BBOEt1b25FMGRGRHI3RWdtcmNORjFlVVJzRDdHTmwxRG9RQmh6RXE3RFI=, Accept: */*, Content-Length: 29, Content-Type: application/x-www-form-urlencoded, , 
[21-03-2017 05:51:13] PayPal\Core\PayPalHttpConnection : DEBUG: Request Data		: grant_type=client_credentials
--------------------------------------------------------------------------------------------------------------------------------

[21-03-2017 05:51:13] PayPal\Core\PayPalHttpConnection : INFO: Response Status 	: 200
[21-03-2017 05:51:13] PayPal\Core\PayPalHttpConnection : DEBUG: Response Headers	: HTTP/1.1 200 OK, Date: Tue, 21 Mar 2017 17:51:10 GMT, Server: Apache, paypal-debug-id: df6ba6af8b306, X-PAYPAL-TOKEN-SERVICE: IAAS, Paypal-Debug-Id: df6ba6af8b306, Set-Cookie: X-PP-SILOVER=name%3DSANDBOX3.API.1%26silo_version%3D1880%26app%3Dplatformapiserv%26TIME%3D241750360%26HTTP_X_PP_AZ_LOCATOR%3D; Expires=Tue, 21 Mar 2017 18:21:10 GMT; domain=.paypal.com; path=/; Secure; HttpOnly, Set-Cookie: X-PP-SILOVER=; Expires=Thu, 01 Jan 1970 00:00:01 GMT, Vary: Authorization, Content-Length: 550, Connection: close, Content-Type: application/json, , 
[21-03-2017 05:51:13] PayPal\Core\PayPalHttpConnection : DEBUG: Response Data 	: {"scope":"https://uri.paypal.com/services/subscriptions https://api.paypal.com/v1/payments/.* https://api.paypal.com/v1/vault/credit-card https://uri.paypal.com/services/applications/webhooks openid https://uri.paypal.com/payments/payouts https://api.paypal.com/v1/vault/credit-card/.*","nonce":"2017-03-21T17:45:14ZynpGUdoZfo-vIwei0LKkTcBrSeXYUmN1Ddm9kvCqNE8","access_token":"A101.IunTJn0JWUoeSeVsmM9jUMIXEvb1Tso-7HPmriJk2q5Vev72jiHj03uXhKhsglCE.-PkErY_tA_rzVa-WHSheXOilnvS","token_type":"Bearer","app_id":"APP-80W284485P519543T","expires_in":32044}

================================================================================================================================

[21-03-2017 05:51:13] PayPal\Core\PayPalHttpConnection : INFO: POST https://api.sandbox.paypal.com/v1/payments/payment
[21-03-2017 05:51:14] PayPal\Core\PayPalHttpConnection : INFO: Invalid or no certificate authority found - Retrying using bundled CA certs file
[21-03-2017 05:51:15] PayPal\Core\PayPalHttpConnection : DEBUG: Request Headers 	: POST /v1/payments/payment HTTP/1.1, Host: api.sandbox.paypal.com, Accept: */*, Content-Type: application/json, User-Agent: PayPalSDK/PayPal-PHP-SDK 1.11.0 (platform-ver=5.6.25; bit=32; os=Windows_NT_6.1; machine=AMD64; crypto-lib-ver=1.0.1t; curl=7.50.1), Authorization: Bearer A101.IunTJn0JWUoeSeVsmM9jUMIXEvb1Tso-7HPmriJk2q5Vev72jiHj03uXhKhsglCE.-PkErY_tA_rzVa-WHSheXOilnvS, Content-Length: 465, , 
[21-03-2017 05:51:15] PayPal\Core\PayPalHttpConnection : DEBUG: Request Data		: {"intent":"sale","payer":{"payment_method":"paypal"},"redirect_urls":{"return_url":"http://localhost/zaposljavanje/second.php?success=true","cancel_url":"http://localhost/zaposljavanje/second.php?success=false"},"transactions":[{"amount":{"currency":"USD","total":"1","details":{}},"item_list":{"items":[{"name":"Ground Coffee 40 oz","currency":"USD","quantity":1,"sku":"123123","price":"1"}]},"description":"Payment description","invoice_number":"58d1681063f29"}]}
--------------------------------------------------------------------------------------------------------------------------------

[21-03-2017 05:51:15] PayPal\Core\PayPalHttpConnection : INFO: Response Status 	: 201
[21-03-2017 05:51:15] PayPal\Core\PayPalHttpConnection : DEBUG: Response Headers	: HTTP/1.1 201 Created, Date: Tue, 21 Mar 2017 17:51:12 GMT, Server: Apache, paypal-debug-id: 369fb03c173c, Content-Language: *, Paypal-Debug-Id: 369fb03c173c, Set-Cookie: X-PP-SILOVER=name%3DSANDBOX3.API.1%26silo_version%3D1880%26app%3Dplatformapiserv%26TIME%3D275304792%26HTTP_X_PP_AZ_LOCATOR%3D; Expires=Tue, 21 Mar 2017 18:21:12 GMT; domain=.paypal.com; path=/; Secure; HttpOnly, Set-Cookie: X-PP-SILOVER=; Expires=Thu, 01 Jan 1970 00:00:01 GMT, Vary: Authorization, Content-Length: 833, Connection: close, Content-Type: application/json, , 
[21-03-2017 05:51:15] PayPal\Core\PayPalHttpConnection : DEBUG: Response Data 	: {"id":"PAY-1XF82943WW907435ALDIWQEA","intent":"sale","state":"created","payer":{"payment_method":"paypal"},"transactions":[{"amount":{"total":"1.00","currency":"USD","details":{}},"description":"Payment description","invoice_number":"58d1681063f29","item_list":{"items":[{"name":"Ground Coffee 40 oz","sku":"123123","price":"1.00","currency":"USD","quantity":1}]},"related_resources":[]}],"create_time":"2017-03-21T17:51:12Z","links":[{"href":"https://api.sandbox.paypal.com/v1/payments/payment/PAY-1XF82943WW907435ALDIWQEA","rel":"self","method":"GET"},{"href":"https://www.sandbox.paypal.com/cgi-bin/webscr?cmd=_express-checkout&token=EC-3B802888K11340149","rel":"approval_url","method":"REDIRECT"},{"href":"https://api.sandbox.paypal.com/v1/payments/payment/PAY-1XF82943WW907435ALDIWQEA/execute","rel":"execute","method":"POST"}]}

================================================================================================================================

[21-03-2017 05:51:41] PayPal\Core\PayPalHttpConnection : INFO: POST https://api.paypal.com/v1/oauth2/token
[21-03-2017 05:51:41] PayPal\Core\PayPalHttpConnection : INFO: Invalid or no certificate authority found - Retrying using bundled CA certs file
[21-03-2017 05:51:42] PayPal\Core\PayPalHttpConnection : INFO: Response Status 	: 200
[21-03-2017 05:51:42] PayPal\Core\PayPalHttpConnection : INFO: GET https://api.paypal.com/v1/payments/payment/PAY-1XF82943WW907435ALDIWQEA
[21-03-2017 05:51:42] PayPal\Core\PayPalHttpConnection : INFO: Invalid or no certificate authority found - Retrying using bundled CA certs file
[21-03-2017 05:51:43] PayPal\Core\PayPalHttpConnection : INFO: Response Status 	: 404
[21-03-2017 05:51:43] PayPal\Core\PayPalHttpConnection : ERROR: Got Http response code 404 when accessing https://api.paypal.com/v1/payments/payment/PAY-1XF82943WW907435ALDIWQEA. {"name":"INVALID_RESOURCE_ID","message":"Requested resource ID was not found.","information_link":"https://developer.paypal.com/webapps/developer/docs/api/#INVALID_RESOURCE_ID","debug_id":"8afa14d680830"}
[21-03-2017 05:56:38] PayPal\Core\PayPalHttpConnection : INFO: POST https://api.sandbox.paypal.com/v1/oauth2/token
[21-03-2017 05:56:38] PayPal\Core\PayPalHttpConnection : INFO: Invalid or no certificate authority found - Retrying using bundled CA certs file
[21-03-2017 05:56:39] PayPal\Core\PayPalHttpConnection : DEBUG: Request Headers 	: POST /v1/oauth2/token HTTP/1.1, Host: api.sandbox.paypal.com, User-Agent: PayPalSDK/PayPal-PHP-SDK 1.11.0 (platform-ver=5.6.25; bit=32; os=Windows_NT_6.1; machine=AMD64; crypto-lib-ver=1.0.1t; curl=7.50.1), Authorization: Basic QWZ1Rk1UWG9EOHp2YzBhU2htOHZiczVRS21mV2JXc1hLcUdBQVhmQ29xVWlDaUFoMy1xNFF5NFV0U0NSUDhyT05BNDNmTGlOMTB3TVlFR046RUZRWko4OFUxMHFmOUNRRmxGWjIzUzRoSXpCOW05Rm1xVEx3T3BBOEt1b25FMGRGRHI3RWdtcmNORjFlVVJzRDdHTmwxRG9RQmh6RXE3RFI=, Accept: */*, Content-Length: 29, Content-Type: application/x-www-form-urlencoded, , 
[21-03-2017 05:56:39] PayPal\Core\PayPalHttpConnection : DEBUG: Request Data		: grant_type=client_credentials
--------------------------------------------------------------------------------------------------------------------------------

[21-03-2017 05:56:39] PayPal\Core\PayPalHttpConnection : INFO: Response Status 	: 200
[21-03-2017 05:56:39] PayPal\Core\PayPalHttpConnection : DEBUG: Response Headers	: HTTP/1.1 200 OK, Date: Tue, 21 Mar 2017 17:56:36 GMT, Server: Apache, paypal-debug-id: 9307cbd487c2f, X-PAYPAL-TOKEN-SERVICE: IAAS, Paypal-Debug-Id: 9307cbd487c2f, Set-Cookie: X-PP-SILOVER=name%3DSANDBOX3.API.1%26silo_version%3D1880%26app%3Dplatformapiserv%26TIME%3D1416221016%26HTTP_X_PP_AZ_LOCATOR%3D; Expires=Tue, 21 Mar 2017 18:26:36 GMT; domain=.paypal.com; path=/; Secure; HttpOnly, Set-Cookie: X-PP-SILOVER=; Expires=Thu, 01 Jan 1970 00:00:01 GMT, Vary: Authorization, Content-Length: 550, Connection: close, Content-Type: application/json, , 
[21-03-2017 05:56:39] PayPal\Core\PayPalHttpConnection : DEBUG: Response Data 	: {"scope":"https://uri.paypal.com/services/subscriptions https://api.paypal.com/v1/payments/.* https://api.paypal.com/v1/vault/credit-card https://uri.paypal.com/services/applications/webhooks openid https://uri.paypal.com/payments/payouts https://api.paypal.com/v1/vault/credit-card/.*","nonce":"2017-03-21T17:45:14ZynpGUdoZfo-vIwei0LKkTcBrSeXYUmN1Ddm9kvCqNE8","access_token":"A101.IunTJn0JWUoeSeVsmM9jUMIXEvb1Tso-7HPmriJk2q5Vev72jiHj03uXhKhsglCE.-PkErY_tA_rzVa-WHSheXOilnvS","token_type":"Bearer","app_id":"APP-80W284485P519543T","expires_in":31718}

================================================================================================================================

[21-03-2017 05:56:39] PayPal\Core\PayPalHttpConnection : INFO: POST https://api.sandbox.paypal.com/v1/payments/payment
[21-03-2017 05:56:40] PayPal\Core\PayPalHttpConnection : INFO: Invalid or no certificate authority found - Retrying using bundled CA certs file
[21-03-2017 05:56:41] PayPal\Core\PayPalHttpConnection : DEBUG: Request Headers 	: POST /v1/payments/payment HTTP/1.1, Host: api.sandbox.paypal.com, Accept: */*, Content-Type: application/json, User-Agent: PayPalSDK/PayPal-PHP-SDK 1.11.0 (platform-ver=5.6.25; bit=32; os=Windows_NT_6.1; machine=AMD64; crypto-lib-ver=1.0.1t; curl=7.50.1), Authorization: Bearer A101.IunTJn0JWUoeSeVsmM9jUMIXEvb1Tso-7HPmriJk2q5Vev72jiHj03uXhKhsglCE.-PkErY_tA_rzVa-WHSheXOilnvS, Content-Length: 465, , 
[21-03-2017 05:56:41] PayPal\Core\PayPalHttpConnection : DEBUG: Request Data		: {"intent":"sale","payer":{"payment_method":"paypal"},"redirect_urls":{"return_url":"http://localhost/zaposljavanje/second.php?success=true","cancel_url":"http://localhost/zaposljavanje/second.php?success=false"},"transactions":[{"amount":{"currency":"USD","total":"1","details":{}},"item_list":{"items":[{"name":"Ground Coffee 40 oz","currency":"USD","quantity":1,"sku":"123123","price":"1"}]},"description":"Payment description","invoice_number":"58d169562ee13"}]}
--------------------------------------------------------------------------------------------------------------------------------

[21-03-2017 05:56:41] PayPal\Core\PayPalHttpConnection : INFO: Response Status 	: 201
[21-03-2017 05:56:41] PayPal\Core\PayPalHttpConnection : DEBUG: Response Headers	: HTTP/1.1 201 Created, Date: Tue, 21 Mar 2017 17:56:37 GMT, Server: Apache, paypal-debug-id: 6533e4b9e5036, Content-Language: *, Paypal-Debug-Id: 6533e4b9e5036, Set-Cookie: X-PP-SILOVER=name%3DSANDBOX3.API.1%26silo_version%3D1880%26app%3Dplatformapiserv%26TIME%3D1432998232%26HTTP_X_PP_AZ_LOCATOR%3D; Expires=Tue, 21 Mar 2017 18:26:38 GMT; domain=.paypal.com; path=/; Secure; HttpOnly, Set-Cookie: X-PP-SILOVER=; Expires=Thu, 01 Jan 1970 00:00:01 GMT, Vary: Authorization, Content-Length: 833, Connection: close, Content-Type: application/json, , 
[21-03-2017 05:56:41] PayPal\Core\PayPalHttpConnection : DEBUG: Response Data 	: {"id":"PAY-9YL549939S5274235LDIWSVQ","intent":"sale","state":"created","payer":{"payment_method":"paypal"},"transactions":[{"amount":{"total":"1.00","currency":"USD","details":{}},"description":"Payment description","invoice_number":"58d169562ee13","item_list":{"items":[{"name":"Ground Coffee 40 oz","sku":"123123","price":"1.00","currency":"USD","quantity":1}]},"related_resources":[]}],"create_time":"2017-03-21T17:56:37Z","links":[{"href":"https://api.sandbox.paypal.com/v1/payments/payment/PAY-9YL549939S5274235LDIWSVQ","rel":"self","method":"GET"},{"href":"https://www.sandbox.paypal.com/cgi-bin/webscr?cmd=_express-checkout&token=EC-3FR47333UJ242041U","rel":"approval_url","method":"REDIRECT"},{"href":"https://api.sandbox.paypal.com/v1/payments/payment/PAY-9YL549939S5274235LDIWSVQ/execute","rel":"execute","method":"POST"}]}

================================================================================================================================

[21-03-2017 05:57:09] PayPal\Core\PayPalHttpConnection : INFO: POST https://api.paypal.com/v1/oauth2/token
[21-03-2017 05:57:10] PayPal\Core\PayPalHttpConnection : INFO: Invalid or no certificate authority found - Retrying using bundled CA certs file
[21-03-2017 05:57:11] PayPal\Core\PayPalHttpConnection : INFO: Response Status 	: 200
[21-03-2017 05:57:11] PayPal\Core\PayPalHttpConnection : INFO: GET https://api.paypal.com/v1/payments/payment/PAY-9YL549939S5274235LDIWSVQ
[21-03-2017 05:57:11] PayPal\Core\PayPalHttpConnection : INFO: Invalid or no certificate authority found - Retrying using bundled CA certs file
[21-03-2017 05:57:12] PayPal\Core\PayPalHttpConnection : INFO: Response Status 	: 404
[21-03-2017 05:57:12] PayPal\Core\PayPalHttpConnection : ERROR: Got Http response code 404 when accessing https://api.paypal.com/v1/payments/payment/PAY-9YL549939S5274235LDIWSVQ. {"name":"INVALID_RESOURCE_ID","message":"Requested resource ID was not found.","information_link":"https://developer.paypal.com/webapps/developer/docs/api/#INVALID_RESOURCE_ID","debug_id":"84bf96f195a68"}
[21-03-2017 06:00:04] PayPal\Core\PayPalHttpConnection : INFO: POST https://api.sandbox.paypal.com/v1/oauth2/token
[21-03-2017 06:00:05] PayPal\Core\PayPalHttpConnection : INFO: Invalid or no certificate authority found - Retrying using bundled CA certs file
[21-03-2017 06:00:06] PayPal\Core\PayPalHttpConnection : DEBUG: Request Headers 	: POST /v1/oauth2/token HTTP/1.1, Host: api.sandbox.paypal.com, User-Agent: PayPalSDK/PayPal-PHP-SDK 1.11.0 (platform-ver=5.6.25; bit=32; os=Windows_NT_6.1; machine=AMD64; crypto-lib-ver=1.0.1t; curl=7.50.1), Authorization: Basic QWZ1Rk1UWG9EOHp2YzBhU2htOHZiczVRS21mV2JXc1hLcUdBQVhmQ29xVWlDaUFoMy1xNFF5NFV0U0NSUDhyT05BNDNmTGlOMTB3TVlFR046RUZRWko4OFUxMHFmOUNRRmxGWjIzUzRoSXpCOW05Rm1xVEx3T3BBOEt1b25FMGRGRHI3RWdtcmNORjFlVVJzRDdHTmwxRG9RQmh6RXE3RFI=, Accept: */*, Content-Length: 29, Content-Type: application/x-www-form-urlencoded, , 
[21-03-2017 06:00:06] PayPal\Core\PayPalHttpConnection : DEBUG: Request Data		: grant_type=client_credentials
--------------------------------------------------------------------------------------------------------------------------------

[21-03-2017 06:00:06] PayPal\Core\PayPalHttpConnection : INFO: Response Status 	: 200
[21-03-2017 06:00:06] PayPal\Core\PayPalHttpConnection : DEBUG: Response Headers	: HTTP/1.1 200 OK, Date: Tue, 21 Mar 2017 18:00:02 GMT, Server: Apache, paypal-debug-id: 3065c21d98d36, X-PAYPAL-TOKEN-SERVICE: IAAS, Paypal-Debug-Id: 3065c21d98d36, Set-Cookie: X-PP-SILOVER=name%3DSANDBOX3.API.1%26silo_version%3D1880%26app%3Dplatformapiserv%26TIME%3D577425752%26HTTP_X_PP_AZ_LOCATOR%3D; Expires=Tue, 21 Mar 2017 18:30:02 GMT; domain=.paypal.com; path=/; Secure; HttpOnly, Set-Cookie: X-PP-SILOVER=; Expires=Thu, 01 Jan 1970 00:00:01 GMT, Vary: Authorization, Content-Length: 550, Connection: close, Content-Type: application/json, , 
[21-03-2017 06:00:06] PayPal\Core\PayPalHttpConnection : DEBUG: Response Data 	: {"scope":"https://uri.paypal.com/services/subscriptions https://api.paypal.com/v1/payments/.* https://api.paypal.com/v1/vault/credit-card https://uri.paypal.com/services/applications/webhooks openid https://uri.paypal.com/payments/payouts https://api.paypal.com/v1/vault/credit-card/.*","nonce":"2017-03-21T18:00:02ZnHPj4q2fHdKyEJMATJeSTrt6oGNLXvpkhGjHW3R4mAM","access_token":"A101.xaamzis2LVGx5vn7IJ8Z_oUvv3XdR7b7lIDkh6fii22NsAhLcx-q-7cNBpRtQ2mw.X2hZao3iuqayfWPub3sw76Zs2iC","token_type":"Bearer","app_id":"APP-80W284485P519543T","expires_in":32400}

================================================================================================================================

[21-03-2017 06:00:06] PayPal\Core\PayPalHttpConnection : INFO: POST https://api.sandbox.paypal.com/v1/payments/payment
[21-03-2017 06:00:06] PayPal\Core\PayPalHttpConnection : INFO: Invalid or no certificate authority found - Retrying using bundled CA certs file
[21-03-2017 06:00:07] PayPal\Core\PayPalHttpConnection : DEBUG: Request Headers 	: POST /v1/payments/payment HTTP/1.1, Host: api.sandbox.paypal.com, Accept: */*, Content-Type: application/json, User-Agent: PayPalSDK/PayPal-PHP-SDK 1.11.0 (platform-ver=5.6.25; bit=32; os=Windows_NT_6.1; machine=AMD64; crypto-lib-ver=1.0.1t; curl=7.50.1), Authorization: Bearer A101.xaamzis2LVGx5vn7IJ8Z_oUvv3XdR7b7lIDkh6fii22NsAhLcx-q-7cNBpRtQ2mw.X2hZao3iuqayfWPub3sw76Zs2iC, Content-Length: 465, , 
[21-03-2017 06:00:07] PayPal\Core\PayPalHttpConnection : DEBUG: Request Data		: {"intent":"sale","payer":{"payment_method":"paypal"},"redirect_urls":{"return_url":"http://localhost/zaposljavanje/second.php?success=true","cancel_url":"http://localhost/zaposljavanje/second.php?success=false"},"transactions":[{"amount":{"currency":"USD","total":"1","details":{}},"item_list":{"items":[{"name":"Ground Coffee 40 oz","currency":"USD","quantity":1,"sku":"123123","price":"1"}]},"description":"Payment description","invoice_number":"58d16a246aa50"}]}
--------------------------------------------------------------------------------------------------------------------------------

[21-03-2017 06:00:07] PayPal\Core\PayPalHttpConnection : INFO: Response Status 	: 201
[21-03-2017 06:00:07] PayPal\Core\PayPalHttpConnection : DEBUG: Response Headers	: HTTP/1.1 201 Created, Date: Tue, 21 Mar 2017 18:00:04 GMT, Server: Apache, paypal-debug-id: aab68c3b1701f, Content-Language: *, Paypal-Debug-Id: aab68c3b1701f, Set-Cookie: X-PP-SILOVER=name%3DSANDBOX3.API.1%26silo_version%3D1880%26app%3Dplatformapiserv%26TIME%3D610980184%26HTTP_X_PP_AZ_LOCATOR%3D; Expires=Tue, 21 Mar 2017 18:30:04 GMT; domain=.paypal.com; path=/; Secure; HttpOnly, Set-Cookie: X-PP-SILOVER=; Expires=Thu, 01 Jan 1970 00:00:01 GMT, Vary: Authorization, Content-Length: 833, Connection: close, Content-Type: application/json, , 
[21-03-2017 06:00:07] PayPal\Core\PayPalHttpConnection : DEBUG: Response Data 	: {"id":"PAY-8EK7450912492082TLDIWUJA","intent":"sale","state":"created","payer":{"payment_method":"paypal"},"transactions":[{"amount":{"total":"1.00","currency":"USD","details":{}},"description":"Payment description","invoice_number":"58d16a246aa50","item_list":{"items":[{"name":"Ground Coffee 40 oz","sku":"123123","price":"1.00","currency":"USD","quantity":1}]},"related_resources":[]}],"create_time":"2017-03-21T18:00:04Z","links":[{"href":"https://api.sandbox.paypal.com/v1/payments/payment/PAY-8EK7450912492082TLDIWUJA","rel":"self","method":"GET"},{"href":"https://www.sandbox.paypal.com/cgi-bin/webscr?cmd=_express-checkout&token=EC-1BL81128U6427662H","rel":"approval_url","method":"REDIRECT"},{"href":"https://api.sandbox.paypal.com/v1/payments/payment/PAY-8EK7450912492082TLDIWUJA/execute","rel":"execute","method":"POST"}]}

================================================================================================================================

[21-03-2017 06:00:52] PayPal\Core\PayPalHttpConnection : INFO: POST https://api.sandbox.paypal.com/v1/oauth2/token
[21-03-2017 06:00:52] PayPal\Core\PayPalHttpConnection : INFO: Invalid or no certificate authority found - Retrying using bundled CA certs file
[21-03-2017 06:00:53] PayPal\Core\PayPalHttpConnection : DEBUG: Request Headers 	: POST /v1/oauth2/token HTTP/1.1, Host: api.sandbox.paypal.com, User-Agent: PayPalSDK/PayPal-PHP-SDK 1.11.0 (platform-ver=5.6.25; bit=32; os=Windows_NT_6.1; machine=AMD64; crypto-lib-ver=1.0.1t; curl=7.50.1), Authorization: Basic QWZ1Rk1UWG9EOHp2YzBhU2htOHZiczVRS21mV2JXc1hLcUdBQVhmQ29xVWlDaUFoMy1xNFF5NFV0U0NSUDhyT05BNDNmTGlOMTB3TVlFR046RUZRWko4OFUxMHFmOUNRRmxGWjIzUzRoSXpCOW05Rm1xVEx3T3BBOEt1b25FMGRGRHI3RWdtcmNORjFlVVJzRDdHTmwxRG9RQmh6RXE3RFI=, Accept: */*, Content-Length: 29, Content-Type: application/x-www-form-urlencoded, , 
[21-03-2017 06:00:53] PayPal\Core\PayPalHttpConnection : DEBUG: Request Data		: grant_type=client_credentials
--------------------------------------------------------------------------------------------------------------------------------

[21-03-2017 06:00:53] PayPal\Core\PayPalHttpConnection : INFO: Response Status 	: 200
[21-03-2017 06:00:53] PayPal\Core\PayPalHttpConnection : DEBUG: Response Headers	: HTTP/1.1 200 OK, Date: Tue, 21 Mar 2017 18:00:50 GMT, Server: Apache, paypal-debug-id: 744cebc04c2a7, X-PAYPAL-TOKEN-SERVICE: IAAS, Paypal-Debug-Id: 744cebc04c2a7, Set-Cookie: X-PP-SILOVER=name%3DSANDBOX3.API.1%26silo_version%3D1880%26app%3Dplatformapiserv%26TIME%3D1382732120%26HTTP_X_PP_AZ_LOCATOR%3D; Expires=Tue, 21 Mar 2017 18:30:50 GMT; domain=.paypal.com; path=/; Secure; HttpOnly, Set-Cookie: X-PP-SILOVER=; Expires=Thu, 01 Jan 1970 00:00:01 GMT, Vary: Authorization, Content-Length: 550, Connection: close, Content-Type: application/json, , 
[21-03-2017 06:00:53] PayPal\Core\PayPalHttpConnection : DEBUG: Response Data 	: {"scope":"https://uri.paypal.com/services/subscriptions https://api.paypal.com/v1/payments/.* https://api.paypal.com/v1/vault/credit-card https://uri.paypal.com/services/applications/webhooks openid https://uri.paypal.com/payments/payouts https://api.paypal.com/v1/vault/credit-card/.*","nonce":"2017-03-21T18:00:02ZnHPj4q2fHdKyEJMATJeSTrt6oGNLXvpkhGjHW3R4mAM","access_token":"A101.xaamzis2LVGx5vn7IJ8Z_oUvv3XdR7b7lIDkh6fii22NsAhLcx-q-7cNBpRtQ2mw.X2hZao3iuqayfWPub3sw76Zs2iC","token_type":"Bearer","app_id":"APP-80W284485P519543T","expires_in":32352}

================================================================================================================================

[21-03-2017 06:00:53] PayPal\Core\PayPalHttpConnection : INFO: POST https://api.sandbox.paypal.com/v1/payments/payment
[21-03-2017 06:00:53] PayPal\Core\PayPalHttpConnection : INFO: Invalid or no certificate authority found - Retrying using bundled CA certs file
[21-03-2017 06:00:55] PayPal\Core\PayPalHttpConnection : DEBUG: Request Headers 	: POST /v1/payments/payment HTTP/1.1, Host: api.sandbox.paypal.com, Accept: */*, Content-Type: application/json, User-Agent: PayPalSDK/PayPal-PHP-SDK 1.11.0 (platform-ver=5.6.25; bit=32; os=Windows_NT_6.1; machine=AMD64; crypto-lib-ver=1.0.1t; curl=7.50.1), Authorization: Bearer A101.xaamzis2LVGx5vn7IJ8Z_oUvv3XdR7b7lIDkh6fii22NsAhLcx-q-7cNBpRtQ2mw.X2hZao3iuqayfWPub3sw76Zs2iC, Content-Length: 465, , 
[21-03-2017 06:00:55] PayPal\Core\PayPalHttpConnection : DEBUG: Request Data		: {"intent":"sale","payer":{"payment_method":"paypal"},"redirect_urls":{"return_url":"http://localhost/zaposljavanje/second.php?success=true","cancel_url":"http://localhost/zaposljavanje/second.php?success=false"},"transactions":[{"amount":{"currency":"USD","total":"1","details":{}},"item_list":{"items":[{"name":"Ground Coffee 40 oz","currency":"USD","quantity":1,"sku":"123123","price":"1"}]},"description":"Payment description","invoice_number":"58d16a541cb27"}]}
--------------------------------------------------------------------------------------------------------------------------------

[21-03-2017 06:00:55] PayPal\Core\PayPalHttpConnection : INFO: Response Status 	: 201
[21-03-2017 06:00:55] PayPal\Core\PayPalHttpConnection : DEBUG: Response Headers	: HTTP/1.1 201 Created, Date: Tue, 21 Mar 2017 18:00:51 GMT, Server: Apache, paypal-debug-id: 31bad212a26b1, Content-Language: *, Paypal-Debug-Id: 31bad212a26b1, Set-Cookie: X-PP-SILOVER=name%3DSANDBOX3.API.1%26silo_version%3D1880%26app%3Dplatformapiserv%26TIME%3D1399509336%26HTTP_X_PP_AZ_LOCATOR%3D; Expires=Tue, 21 Mar 2017 18:30:51 GMT; domain=.paypal.com; path=/; Secure; HttpOnly, Set-Cookie: X-PP-SILOVER=; Expires=Thu, 01 Jan 1970 00:00:01 GMT, Vary: Authorization, Content-Length: 833, Connection: close, Content-Type: application/json, , 
[21-03-2017 06:00:55] PayPal\Core\PayPalHttpConnection : DEBUG: Response Data 	: {"id":"PAY-7JP6850880993803DLDIWUUY","intent":"sale","state":"created","payer":{"payment_method":"paypal"},"transactions":[{"amount":{"total":"1.00","currency":"USD","details":{}},"description":"Payment description","invoice_number":"58d16a541cb27","item_list":{"items":[{"name":"Ground Coffee 40 oz","sku":"123123","price":"1.00","currency":"USD","quantity":1}]},"related_resources":[]}],"create_time":"2017-03-21T18:00:51Z","links":[{"href":"https://api.sandbox.paypal.com/v1/payments/payment/PAY-7JP6850880993803DLDIWUUY","rel":"self","method":"GET"},{"href":"https://www.sandbox.paypal.com/cgi-bin/webscr?cmd=_express-checkout&token=EC-9AM59145K9664570L","rel":"approval_url","method":"REDIRECT"},{"href":"https://api.sandbox.paypal.com/v1/payments/payment/PAY-7JP6850880993803DLDIWUUY/execute","rel":"execute","method":"POST"}]}

================================================================================================================================

[21-03-2017 06:01:34] PayPal\Core\PayPalHttpConnection : INFO: POST https://api.paypal.com/v1/oauth2/token
[21-03-2017 06:01:34] PayPal\Core\PayPalHttpConnection : INFO: Invalid or no certificate authority found - Retrying using bundled CA certs file
[21-03-2017 06:01:35] PayPal\Core\PayPalHttpConnection : INFO: Response Status 	: 200
[21-03-2017 06:01:35] PayPal\Core\PayPalHttpConnection : INFO: POST https://api.paypal.com/v1/payments/payment
[21-03-2017 06:01:36] PayPal\Core\PayPalHttpConnection : INFO: Invalid or no certificate authority found - Retrying using bundled CA certs file
[21-03-2017 06:01:37] PayPal\Core\PayPalHttpConnection : INFO: Response Status 	: 201
[21-03-2017 06:02:27] PayPal\Core\PayPalHttpConnection : INFO: POST https://api.paypal.com/v1/oauth2/token
[21-03-2017 06:02:28] PayPal\Core\PayPalHttpConnection : INFO: Invalid or no certificate authority found - Retrying using bundled CA certs file
[21-03-2017 06:02:29] PayPal\Core\PayPalHttpConnection : INFO: Response Status 	: 200
[21-03-2017 06:02:29] PayPal\Core\PayPalHttpConnection : INFO: POST https://api.paypal.com/v1/payments/payment
[21-03-2017 06:02:30] PayPal\Core\PayPalHttpConnection : INFO: Invalid or no certificate authority found - Retrying using bundled CA certs file
[21-03-2017 06:02:31] PayPal\Core\PayPalHttpConnection : INFO: Response Status 	: 201
[21-03-2017 06:04:38] PayPal\Core\PayPalHttpConnection : INFO: POST https://api.sandbox.paypal.com/v1/oauth2/token
[21-03-2017 06:04:38] PayPal\Core\PayPalHttpConnection : INFO: Invalid or no certificate authority found - Retrying using bundled CA certs file
[21-03-2017 06:04:39] PayPal\Core\PayPalHttpConnection : DEBUG: Request Headers 	: POST /v1/oauth2/token HTTP/1.1, Host: api.sandbox.paypal.com, User-Agent: PayPalSDK/PayPal-PHP-SDK 1.11.0 (platform-ver=5.6.25; bit=32; os=Windows_NT_6.1; machine=AMD64; crypto-lib-ver=1.0.1t; curl=7.50.1), Authorization: Basic QWZ1Rk1UWG9EOHp2YzBhU2htOHZiczVRS21mV2JXc1hLcUdBQVhmQ29xVWlDaUFoMy1xNFF5NFV0U0NSUDhyT05BNDNmTGlOMTB3TVlFR046RUZRWko4OFUxMHFmOUNRRmxGWjIzUzRoSXpCOW05Rm1xVEx3T3BBOEt1b25FMGRGRHI3RWdtcmNORjFlVVJzRDdHTmwxRG9RQmh6RXE3RFI=, Accept: */*, Content-Length: 29, Content-Type: application/x-www-form-urlencoded, , 
[21-03-2017 06:04:39] PayPal\Core\PayPalHttpConnection : DEBUG: Request Data		: grant_type=client_credentials
--------------------------------------------------------------------------------------------------------------------------------

[21-03-2017 06:04:39] PayPal\Core\PayPalHttpConnection : INFO: Response Status 	: 200
[21-03-2017 06:04:39] PayPal\Core\PayPalHttpConnection : DEBUG: Response Headers	: HTTP/1.1 200 OK, Date: Tue, 21 Mar 2017 18:04:36 GMT, Server: Apache, paypal-debug-id: f0b4af3e2e22c, X-PAYPAL-TOKEN-SERVICE: IAAS, Paypal-Debug-Id: f0b4af3e2e22c, Set-Cookie: X-PP-SILOVER=name%3DSANDBOX3.API.1%26silo_version%3D1880%26app%3Dplatformapiserv%26TIME%3D879481176%26HTTP_X_PP_AZ_LOCATOR%3D; Expires=Tue, 21 Mar 2017 18:34:36 GMT; domain=.paypal.com; path=/; Secure; HttpOnly, Set-Cookie: X-PP-SILOVER=; Expires=Thu, 01 Jan 1970 00:00:01 GMT, Vary: Authorization, Content-Length: 550, Connection: close, Content-Type: application/json, , 
[21-03-2017 06:04:39] PayPal\Core\PayPalHttpConnection : DEBUG: Response Data 	: {"scope":"https://uri.paypal.com/services/subscriptions https://api.paypal.com/v1/payments/.* https://api.paypal.com/v1/vault/credit-card https://uri.paypal.com/services/applications/webhooks openid https://uri.paypal.com/payments/payouts https://api.paypal.com/v1/vault/credit-card/.*","nonce":"2017-03-21T18:00:02ZnHPj4q2fHdKyEJMATJeSTrt6oGNLXvpkhGjHW3R4mAM","access_token":"A101.xaamzis2LVGx5vn7IJ8Z_oUvv3XdR7b7lIDkh6fii22NsAhLcx-q-7cNBpRtQ2mw.X2hZao3iuqayfWPub3sw76Zs2iC","token_type":"Bearer","app_id":"APP-80W284485P519543T","expires_in":32126}

================================================================================================================================

[21-03-2017 06:04:39] PayPal\Core\PayPalHttpConnection : INFO: POST https://api.sandbox.paypal.com/v1/payments/payment
[21-03-2017 06:04:39] PayPal\Core\PayPalHttpConnection : INFO: Invalid or no certificate authority found - Retrying using bundled CA certs file
[21-03-2017 06:04:41] PayPal\Core\PayPalHttpConnection : DEBUG: Request Headers 	: POST /v1/payments/payment HTTP/1.1, Host: api.sandbox.paypal.com, Accept: */*, Content-Type: application/json, User-Agent: PayPalSDK/PayPal-PHP-SDK 1.11.0 (platform-ver=5.6.25; bit=32; os=Windows_NT_6.1; machine=AMD64; crypto-lib-ver=1.0.1t; curl=7.50.1), Authorization: Bearer A101.xaamzis2LVGx5vn7IJ8Z_oUvv3XdR7b7lIDkh6fii22NsAhLcx-q-7cNBpRtQ2mw.X2hZao3iuqayfWPub3sw76Zs2iC, Content-Length: 465, , 
[21-03-2017 06:04:41] PayPal\Core\PayPalHttpConnection : DEBUG: Request Data		: {"intent":"sale","payer":{"payment_method":"paypal"},"redirect_urls":{"return_url":"http://localhost/zaposljavanje/second.php?success=true","cancel_url":"http://localhost/zaposljavanje/second.php?success=false"},"transactions":[{"amount":{"currency":"USD","total":"1","details":{}},"item_list":{"items":[{"name":"Ground Coffee 40 oz","currency":"USD","quantity":1,"sku":"123123","price":"1"}]},"description":"Payment description","invoice_number":"58d16b36155ac"}]}
--------------------------------------------------------------------------------------------------------------------------------

[21-03-2017 06:04:41] PayPal\Core\PayPalHttpConnection : INFO: Response Status 	: 201
[21-03-2017 06:04:41] PayPal\Core\PayPalHttpConnection : DEBUG: Response Headers	: HTTP/1.1 201 Created, Date: Tue, 21 Mar 2017 18:04:37 GMT, Server: Apache, paypal-debug-id: ec9ed02e8632b, Content-Language: *, Paypal-Debug-Id: ec9ed02e8632b, Set-Cookie: X-PP-SILOVER=name%3DSANDBOX3.API.1%26silo_version%3D1880%26app%3Dplatformapiserv%26TIME%3D896258392%26HTTP_X_PP_AZ_LOCATOR%3D; Expires=Tue, 21 Mar 2017 18:34:37 GMT; domain=.paypal.com; path=/; Secure; HttpOnly, Set-Cookie: X-PP-SILOVER=; Expires=Thu, 01 Jan 1970 00:00:01 GMT, Vary: Authorization, Content-Length: 833, Connection: close, Content-Type: application/json, , 
[21-03-2017 06:04:41] PayPal\Core\PayPalHttpConnection : DEBUG: Response Data 	: {"id":"PAY-1P600701K08233117LDIWWNI","intent":"sale","state":"created","payer":{"payment_method":"paypal"},"transactions":[{"amount":{"total":"1.00","currency":"USD","details":{}},"description":"Payment description","invoice_number":"58d16b36155ac","item_list":{"items":[{"name":"Ground Coffee 40 oz","sku":"123123","price":"1.00","currency":"USD","quantity":1}]},"related_resources":[]}],"create_time":"2017-03-21T18:04:37Z","links":[{"href":"https://api.sandbox.paypal.com/v1/payments/payment/PAY-1P600701K08233117LDIWWNI","rel":"self","method":"GET"},{"href":"https://www.sandbox.paypal.com/cgi-bin/webscr?cmd=_express-checkout&token=EC-8WT03013YP1032014","rel":"approval_url","method":"REDIRECT"},{"href":"https://api.sandbox.paypal.com/v1/payments/payment/PAY-1P600701K08233117LDIWWNI/execute","rel":"execute","method":"POST"}]}

================================================================================================================================

[21-03-2017 06:05:43] PayPal\Core\PayPalHttpConnection : INFO: POST https://api.sandbox.paypal.com/v1/oauth2/token
[21-03-2017 06:05:43] PayPal\Core\PayPalHttpConnection : INFO: Invalid or no certificate authority found - Retrying using bundled CA certs file
[21-03-2017 06:05:44] PayPal\Core\PayPalHttpConnection : DEBUG: Request Headers 	: POST /v1/oauth2/token HTTP/1.1, Host: api.sandbox.paypal.com, User-Agent: PayPalSDK/PayPal-PHP-SDK 1.11.0 (platform-ver=5.6.25; bit=32; os=Windows_NT_6.1; machine=AMD64; crypto-lib-ver=1.0.1t; curl=7.50.1), Authorization: Basic QWZ1Rk1UWG9EOHp2YzBhU2htOHZiczVRS21mV2JXc1hLcUdBQVhmQ29xVWlDaUFoMy1xNFF5NFV0U0NSUDhyT05BNDNmTGlOMTB3TVlFR046RUZRWko4OFUxMHFmOUNRRmxGWjIzUzRoSXpCOW05Rm1xVEx3T3BBOEt1b25FMGRGRHI3RWdtcmNORjFlVVJzRDdHTmwxRG9RQmh6RXE3RFI=, Accept: */*, Content-Length: 29, Content-Type: application/x-www-form-urlencoded, , 
[21-03-2017 06:05:44] PayPal\Core\PayPalHttpConnection : DEBUG: Request Data		: grant_type=client_credentials
--------------------------------------------------------------------------------------------------------------------------------

[21-03-2017 06:05:44] PayPal\Core\PayPalHttpConnection : INFO: Response Status 	: 200
[21-03-2017 06:05:44] PayPal\Core\PayPalHttpConnection : DEBUG: Response Headers	: HTTP/1.1 200 OK, Date: Tue, 21 Mar 2017 18:05:41 GMT, Server: Apache, paypal-debug-id: 78f28f13666c0, X-PAYPAL-TOKEN-SERVICE: IAAS, Paypal-Debug-Id: 78f28f13666c0, Set-Cookie: X-PP-SILOVER=name%3DSANDBOX3.API.1%26silo_version%3D1880%26app%3Dplatformapiserv%26TIME%3D1970000216%26HTTP_X_PP_AZ_LOCATOR%3D; Expires=Tue, 21 Mar 2017 18:35:41 GMT; domain=.paypal.com; path=/; Secure; HttpOnly, Set-Cookie: X-PP-SILOVER=; Expires=Thu, 01 Jan 1970 00:00:01 GMT, Vary: Authorization, Content-Length: 550, Connection: close, Content-Type: application/json, , 
[21-03-2017 06:05:44] PayPal\Core\PayPalHttpConnection : DEBUG: Response Data 	: {"scope":"https://uri.paypal.com/services/subscriptions https://api.paypal.com/v1/payments/.* https://api.paypal.com/v1/vault/credit-card https://uri.paypal.com/services/applications/webhooks openid https://uri.paypal.com/payments/payouts https://api.paypal.com/v1/vault/credit-card/.*","nonce":"2017-03-21T18:00:02ZnHPj4q2fHdKyEJMATJeSTrt6oGNLXvpkhGjHW3R4mAM","access_token":"A101.xaamzis2LVGx5vn7IJ8Z_oUvv3XdR7b7lIDkh6fii22NsAhLcx-q-7cNBpRtQ2mw.X2hZao3iuqayfWPub3sw76Zs2iC","token_type":"Bearer","app_id":"APP-80W284485P519543T","expires_in":32061}

================================================================================================================================

[21-03-2017 06:05:44] PayPal\Core\PayPalHttpConnection : INFO: POST https://api.sandbox.paypal.com/v1/payments/payment
[21-03-2017 06:05:45] PayPal\Core\PayPalHttpConnection : INFO: Invalid or no certificate authority found - Retrying using bundled CA certs file
[21-03-2017 06:05:46] PayPal\Core\PayPalHttpConnection : DEBUG: Request Headers 	: POST /v1/payments/payment HTTP/1.1, Host: api.sandbox.paypal.com, Accept: */*, Content-Type: application/json, User-Agent: PayPalSDK/PayPal-PHP-SDK 1.11.0 (platform-ver=5.6.25; bit=32; os=Windows_NT_6.1; machine=AMD64; crypto-lib-ver=1.0.1t; curl=7.50.1), Authorization: Bearer A101.xaamzis2LVGx5vn7IJ8Z_oUvv3XdR7b7lIDkh6fii22NsAhLcx-q-7cNBpRtQ2mw.X2hZao3iuqayfWPub3sw76Zs2iC, Content-Length: 465, , 
[21-03-2017 06:05:46] PayPal\Core\PayPalHttpConnection : DEBUG: Request Data		: {"intent":"sale","payer":{"payment_method":"paypal"},"redirect_urls":{"return_url":"http://localhost/zaposljavanje/second.php?success=true","cancel_url":"http://localhost/zaposljavanje/second.php?success=false"},"transactions":[{"amount":{"currency":"USD","total":"1","details":{}},"item_list":{"items":[{"name":"Ground Coffee 40 oz","currency":"USD","quantity":1,"sku":"123123","price":"1"}]},"description":"Payment description","invoice_number":"58d16b772c3c7"}]}
--------------------------------------------------------------------------------------------------------------------------------

[21-03-2017 06:05:46] PayPal\Core\PayPalHttpConnection : INFO: Response Status 	: 201
[21-03-2017 06:05:46] PayPal\Core\PayPalHttpConnection : DEBUG: Response Headers	: HTTP/1.1 201 Created, Date: Tue, 21 Mar 2017 18:05:42 GMT, Server: Apache, paypal-debug-id: 36d9b421c8bae, Content-Language: *, Paypal-Debug-Id: 36d9b421c8bae, Set-Cookie: X-PP-SILOVER=name%3DSANDBOX3.API.1%26silo_version%3D1880%26app%3Dplatformapiserv%26TIME%3D1986777432%26HTTP_X_PP_AZ_LOCATOR%3D; Expires=Tue, 21 Mar 2017 18:35:43 GMT; domain=.paypal.com; path=/; Secure; HttpOnly, Set-Cookie: X-PP-SILOVER=; Expires=Thu, 01 Jan 1970 00:00:01 GMT, Vary: Authorization, Content-Length: 833, Connection: close, Content-Type: application/json, , 
[21-03-2017 06:05:46] PayPal\Core\PayPalHttpConnection : DEBUG: Response Data 	: {"id":"PAY-58E03482CF968972ULDIWW5Y","intent":"sale","state":"created","payer":{"payment_method":"paypal"},"transactions":[{"amount":{"total":"1.00","currency":"USD","details":{}},"description":"Payment description","invoice_number":"58d16b772c3c7","item_list":{"items":[{"name":"Ground Coffee 40 oz","sku":"123123","price":"1.00","currency":"USD","quantity":1}]},"related_resources":[]}],"create_time":"2017-03-21T18:05:42Z","links":[{"href":"https://api.sandbox.paypal.com/v1/payments/payment/PAY-58E03482CF968972ULDIWW5Y","rel":"self","method":"GET"},{"href":"https://www.sandbox.paypal.com/cgi-bin/webscr?cmd=_express-checkout&token=EC-5PD47730AK369071X","rel":"approval_url","method":"REDIRECT"},{"href":"https://api.sandbox.paypal.com/v1/payments/payment/PAY-58E03482CF968972ULDIWW5Y/execute","rel":"execute","method":"POST"}]}

================================================================================================================================

[21-03-2017 06:06:24] PayPal\Core\PayPalHttpConnection : INFO: POST https://api.paypal.com/v1/oauth2/token
[21-03-2017 06:06:24] PayPal\Core\PayPalHttpConnection : INFO: Invalid or no certificate authority found - Retrying using bundled CA certs file
[21-03-2017 06:06:25] PayPal\Core\PayPalHttpConnection : INFO: Response Status 	: 200
[21-03-2017 06:06:25] PayPal\Core\PayPalHttpConnection : INFO: POST https://api.paypal.com/v1/payments/payment
[21-03-2017 06:06:26] PayPal\Core\PayPalHttpConnection : INFO: Invalid or no certificate authority found - Retrying using bundled CA certs file
[21-03-2017 06:06:27] PayPal\Core\PayPalHttpConnection : INFO: Response Status 	: 201
